2025-06-17 16:33:24,665 - PLAID API CALL: link_token_create | 
2025-06-17 16:33:26,023 - PLAID API CALL: transactions_sync COMPLETE | added=18
2025-06-17 16:34:43,112 - PLAID API CALL: link_token_create | 
2025-06-17 16:34:43,254 - PLAID API CALL: link_token_create | 
2025-06-17 16:34:43,411 - PLAID API CALL: link_token_create | 
2025-06-17 16:34:43,608 - PLAID API CALL: link_token_create | 
2025-06-17 16:34:45,929 - PLAID API CALL: link_token_create | 
2025-06-17 16:34:47,020 - PLAID API CALL: link_token_create | 
2025-06-17 17:18:07,876 - PLAID API CALL: link_token_create | 
2025-06-17 17:18:43,110 - PLAID API CALL: item_public_token_exchange | 
2025-06-17 17:18:43,491 - PLAID API CALL: accounts_get | token_hash=983855989557751962
2025-06-17 17:18:49,067 - PLAID API CALL: transactions_sync COMPLETE | added=18
2025-06-17 17:18:49,802 - PLAID API CALL: transactions_sync COMPLETE | added=26
2025-06-17 18:37:54,755 - PLAID API CALL: transactions_sync COMPLETE | added=19
2025-06-17 18:37:55,350 - PLAID API CALL: transactions_sync COMPLETE | added=26
2025-06-17 18:38:50,939 - PLAID API CALL: transactions_sync COMPLETE | added=26
2025-06-17 18:38:51,570 - PLAID API CALL: transactions_sync COMPLETE | added=19
2025-06-17 18:40:22,356 - PLAID API CALL: transactions_sync COMPLETE | added=26
2025-06-17 18:40:23,010 - PLAID API CALL: transactions_sync COMPLETE | added=19
2025-06-17 18:40:49,231 - PLAID API CALL: transactions_sync COMPLETE | added=26
2025-06-17 18:40:49,825 - PLAID API CALL: transactions_sync COMPLETE | added=19
2025-06-17 18:43:56,841 - PLAID API CALL: item_public_token_exchange | 
2025-06-17 18:43:57,548 - PLAID API CALL: accounts_get | token_hash=6582671803529946402
2025-06-17 18:44:01,518 - PLAID API CALL: transactions_sync COMPLETE | added=26
2025-06-17 18:44:02,149 - PLAID API CALL: transactions_sync COMPLETE | added=19
2025-06-17 18:44:02,929 - PLAID API CALL: transactions_sync COMPLETE | added=47
2025-06-17 18:45:44,451 - PLAID API CALL: transactions_sync COMPLETE | added=26
2025-06-17 18:45:45,067 - PLAID API CALL: transactions_sync COMPLETE | added=19
2025-06-17 18:45:45,912 - PLAID API CALL: transactions_sync COMPLETE | added=47
2025-06-17 18:45:53,609 - PLAID API CALL: transactions_sync COMPLETE | added=26
2025-06-17 18:45:54,196 - PLAID API CALL: transactions_sync COMPLETE | added=19
2025-06-17 18:45:54,821 - PLAID API CALL: transactions_sync COMPLETE | added=47
2025-06-17 18:46:00,938 - PLAID API CALL: transactions_sync COMPLETE | added=26
2025-06-17 18:46:01,695 - PLAID API CALL: transactions_sync COMPLETE | added=19
2025-06-17 18:46:02,510 - PLAID API CALL: transactions_sync COMPLETE | added=47
2025-06-17 18:47:27,747 - PLAID API CALL: item_public_token_exchange | 
2025-06-17 18:47:28,484 - PLAID API CALL: accounts_get | token_hash=-1363371805317070977
2025-06-17 20:22:18,019 - PLAID API CALL: link_token_create | 
2025-06-17 20:22:44,464 - PLAID API CALL: item_public_token_exchange | 
2025-06-17 20:22:44,881 - PLAID API CALL: accounts_get | token_hash=8762384385208853244
2025-06-17 20:25:32,726 - PLAID API CALL: transactions_sync COMPLETE | added=26
2025-06-17 20:28:08,716 - PLAID API CALL: transactions_sync COMPLETE | added=0
2025-06-17 21:24:09,477 - PLAID API CALL: item_public_token_exchange | 
2025-06-17 21:24:10,371 - PLAID API CALL: accounts_get | token_hash=8684345263711207416
2025-06-17 21:24:19,800 - PLAID API CALL: transactions_sync COMPLETE | added=29
2025-06-18 11:26:06,994 - PLAID API CALL: link_token_create | 
2025-06-18 11:26:36,014 - PLAID API CALL: item_public_token_exchange | 
2025-06-18 11:28:13,722 - PLAID API CALL: item_public_token_exchange | 
2025-06-18 11:28:14,552 - PLAID API CALL: accounts_get | token_hash=-943422467152094030
2025-06-18 11:30:17,244 - PLAID API CALL: transactions_sync COMPLETE | added=26
2025-06-18 11:33:57,579 - PLAID API CALL: transactions_sync COMPLETE | added=0
2025-06-18 11:36:26,272 - PLAID API CALL: transactions_sync COMPLETE | added=0
2025-06-18 11:49:00,850 - PLAID API CALL: link_token_create | 
2025-06-18 11:49:28,034 - PLAID API CALL: item_public_token_exchange | 
2025-06-18 11:49:28,342 - PLAID API CALL: accounts_get | token_hash=1768874231117330020
2025-06-18 11:49:29,706 - PLAID API CALL: transactions_sync COMPLETE | added=26
2025-06-18 11:50:24,386 - PLAID API CALL: transactions_sync COMPLETE | added=0
2025-06-18 11:53:59,735 - PLAID API CALL: transactions_sync COMPLETE | added=0
2025-06-18 11:55:43,380 - PLAID API CALL: transactions_sync COMPLETE | added=0
2025-06-18 12:02:22,940 - PLAID API CALL: transactions_sync COMPLETE | added=0
2025-06-18 12:11:20,571 - PLAID API CALL: item_public_token_exchange | 
2025-06-18 12:11:21,417 - PLAID API CALL: accounts_get | token_hash=3751425568880048745
2025-06-18 12:11:50,304 - PLAID API CALL: transactions_sync COMPLETE | added=26
2025-06-18 12:14:41,469 - PLAID API CALL: item_public_token_exchange | 
2025-06-18 12:14:42,167 - PLAID API CALL: accounts_get | token_hash=-540740717792666772
2025-06-18 12:26:27,629 - PLAID API CALL: transactions_sync COMPLETE | added=0
2025-06-18 12:26:28,492 - PLAID API CALL: transactions_sync COMPLETE | added=26
2025-06-18 12:27:19,839 - PLAID API CALL: transactions_sync COMPLETE | added=0
2025-06-18 12:27:20,355 - PLAID API CALL: transactions_sync COMPLETE | added=0
2025-06-18 12:27:40,119 - PLAID API CALL: transactions_sync COMPLETE | added=0
2025-06-18 12:27:40,627 - PLAID API CALL: transactions_sync COMPLETE | added=0
2025-06-24 17:38:41,989 - PLAID API CALL: link_token_create | 
2025-06-24 17:39:40,694 - PLAID API CALL: item_public_token_exchange | 
2025-06-24 17:39:41,302 - PLAID API CALL: accounts_get | token_hash=2214888191293124218
2025-06-24 17:43:41,092 - PLAID API CALL: link_token_create | 
2025-06-24 17:44:00,280 - PLAID API CALL: transactions_sync COMPLETE | added=0
2025-06-24 17:44:00,786 - PLAID API CALL: transactions_sync COMPLETE | added=0
2025-06-24 17:44:01,495 - PLAID API CALL: transactions_sync COMPLETE | added=24
2025-06-26 09:13:19,166 - PLAID API CALL: link_token_create | 
2025-06-26 09:14:19,593 - PLAID API CALL: link_token_create | 
2025-06-26 09:15:28,247 - PLAID API CALL: link_token_create | 
2025-06-26 09:16:24,761 - PLAID API CALL: link_token_create | 
2025-06-26 09:16:25,139 - PLAID API CALL: link_token_create | 
2025-06-26 09:16:27,783 - PLAID API CALL: link_token_create | 
2025-06-26 09:24:09,126 - PLAID API CALL: item_public_token_exchange | 
2025-06-26 09:24:10,086 - PLAID API CALL: accounts_get | token_hash=1537983422025786733
2025-06-26 09:59:11,259 - PLAID API CALL: transactions_sync COMPLETE | added=24
2025-06-26 17:15:56,657 - PLAID API CALL: link_token_create | 
2025-06-26 20:35:17,669 - PLAID API CALL: link_token_create | 
2025-06-26 20:36:10,476 - PLAID API CALL: item_public_token_exchange | 
2025-06-26 20:36:10,851 - PLAID API CALL: accounts_get | token_hash=6025101312940169794
2025-06-26 20:45:12,601 - PLAID API CALL: link_token_create | 
2025-06-26 20:45:41,536 - PLAID API CALL: item_public_token_exchange | 
2025-06-26 20:45:41,987 - PLAID API CALL: accounts_get | token_hash=6556782343717210572
2025-06-26 20:51:36,867 - PLAID API CALL: item_public_token_exchange | 
2025-06-26 20:51:37,767 - PLAID API CALL: accounts_get | token_hash=8652250287583025668
2025-06-26 20:51:38,680 - PLAID API CALL: transactions_sync COMPLETE | added=21
2025-06-26 20:53:49,655 - PLAID API CALL: transactions_sync COMPLETE | added=21
2025-06-26 21:36:34,148 - PLAID API CALL: link_token_create | 
2025-06-26 21:37:17,766 - PLAID API CALL: link_token_create | 
2025-06-26 21:38:08,312 - PLAID API CALL: item_public_token_exchange | 
2025-06-26 21:38:08,822 - PLAID API CALL: accounts_get | token_hash=-2231878775739735787
2025-06-26 21:38:09,909 - PLAID API CALL: transactions_sync COMPLETE | added=24
2025-07-05 12:08:39,536 - PLAID API CALL: link_token_create | 
2025-07-05 12:09:04,983 - PLAID API CALL: link_token_create | 
2025-07-05 12:36:48,829 - PLAID API CALL: link_token_create | 
2025-07-05 14:07:27,809 - PLAID API CALL: link_token_create | 
2025-07-06 13:05:01,368 - PLAID API CALL: link_token_create | 
2025-07-06 13:09:43,151 - PLAID API CALL: link_token_create | 
2025-07-06 13:10:12,273 - PLAID API CALL: link_token_create | 
2025-07-06 13:10:30,531 - PLAID API CALL: link_token_create | 
2025-07-06 13:11:36,905 - PLAID API CALL: link_token_create | 
2025-07-06 13:15:41,918 - PLAID API CALL: link_token_create | 
2025-07-06 13:16:22,392 - PLAID API CALL: link_token_create | 
2025-07-06 13:17:38,694 - PLAID API CALL: link_token_create | 
2025-07-06 13:17:43,529 - PLAID API CALL: link_token_create | 
2025-07-06 13:17:46,675 - PLAID API CALL: link_token_create | 
2025-07-06 13:17:56,975 - PLAID API CALL: link_token_create | 
2025-07-06 13:18:28,417 - PLAID API CALL: link_token_create | 
2025-07-06 13:19:06,956 - PLAID API CALL: link_token_create | 
2025-07-06 13:20:59,097 - PLAID API CALL: link_token_create | 
2025-07-06 13:21:04,559 - PLAID API CALL: link_token_create | 
2025-07-06 13:21:42,441 - PLAID API CALL: link_token_create | 
2025-07-06 13:21:45,673 - PLAID API CALL: link_token_create | 
2025-07-06 13:25:24,225 - PLAID API CALL: link_token_create | 
2025-07-06 13:27:37,756 - PLAID API CALL: link_token_create | 
2025-07-06 13:27:42,117 - PLAID API CALL: link_token_create | 
2025-07-06 13:30:29,076 - PLAID API CALL: link_token_create | 
2025-07-06 13:31:00,071 - PLAID API CALL: link_token_create | 
2025-07-06 13:31:50,096 - PLAID API CALL: link_token_create | 
2025-07-06 13:31:55,946 - PLAID API CALL: link_token_create | 
2025-07-06 13:31:57,973 - PLAID API CALL: link_token_create | 
2025-07-06 13:32:00,304 - PLAID API CALL: link_token_create | 
2025-07-06 13:32:05,203 - PLAID API CALL: link_token_create | 
2025-07-06 13:32:30,664 - PLAID API CALL: link_token_create | 
2025-07-06 13:46:54,904 - PLAID API CALL: link_token_create | 
2025-07-06 13:47:18,351 - PLAID API CALL: link_token_create | 
2025-07-06 13:47:39,163 - PLAID API CALL: link_token_create | 
2025-07-06 13:47:47,110 - PLAID API CALL: link_token_create | 
2025-07-06 13:48:43,175 - PLAID API CALL: link_token_create | 
2025-07-06 13:48:46,125 - PLAID API CALL: link_token_create | 
2025-07-06 13:49:37,044 - PLAID API CALL: link_token_create | 
2025-07-06 13:49:58,256 - PLAID API CALL: link_token_create | 
2025-07-06 13:52:52,926 - PLAID API CALL: link_token_create | 
2025-07-06 13:52:56,937 - PLAID API CALL: link_token_create | 
2025-07-06 13:53:03,658 - PLAID API CALL: link_token_create | 
2025-07-06 16:18:14,546 - PLAID API CALL: link_token_create | 
2025-07-06 16:23:25,893 - PLAID API CALL: link_token_create | 
2025-07-06 16:25:37,067 - PLAID API CALL: link_token_create | 
2025-07-06 16:25:42,042 - PLAID API CALL: link_token_create | 
2025-07-06 16:29:19,230 - PLAID API CALL: link_token_create | 
2025-07-06 16:30:28,443 - PLAID API CALL: link_token_create | 
2025-07-06 16:30:37,219 - PLAID API CALL: link_token_create | 
2025-07-06 16:30:42,359 - PLAID API CALL: link_token_create | 
2025-07-06 16:33:37,502 - PLAID API CALL: link_token_create | 
2025-07-06 16:33:52,538 - PLAID API CALL: link_token_create | 
2025-07-06 16:33:59,656 - PLAID API CALL: link_token_create | 
2025-07-06 16:35:55,153 - PLAID API CALL: link_token_create | 
2025-07-06 16:37:48,110 - PLAID API CALL: link_token_create | 
2025-07-06 16:37:52,832 - PLAID API CALL: link_token_create | 
2025-07-06 16:38:35,589 - PLAID API CALL: link_token_create | 
2025-07-06 16:38:55,245 - PLAID API CALL: link_token_create | 
2025-07-06 16:43:36,352 - PLAID API CALL: link_token_create | 
2025-07-06 16:47:58,316 - PLAID API CALL: link_token_create | 
2025-07-06 16:48:49,474 - PLAID API CALL: link_token_create | 
2025-07-06 16:55:06,185 - PLAID API CALL: link_token_create | 
2025-07-06 17:46:40,135 - PLAID API CALL: link_token_create | 
2025-07-06 17:47:28,616 - PLAID API CALL: link_token_create | 
2025-07-06 17:48:46,180 - PLAID API CALL: link_token_create | 
2025-07-06 17:49:19,961 - PLAID API CALL: link_token_create | 
2025-07-06 17:49:37,653 - PLAID API CALL: link_token_create | 
2025-07-06 17:51:14,873 - PLAID API CALL: link_token_create | 
2025-07-06 18:03:31,203 - PLAID API CALL: link_token_create | 
2025-07-06 18:06:15,216 - PLAID API CALL: link_token_create | 
2025-07-06 18:06:32,746 - PLAID API CALL: link_token_create | 
2025-07-06 18:07:52,186 - PLAID API CALL: link_token_create | 
2025-07-06 18:08:52,776 - PLAID API CALL: link_token_create | 
2025-07-06 18:10:20,491 - PLAID API CALL: link_token_create | 
2025-07-06 18:10:28,172 - PLAID API CALL: link_token_create | 
2025-07-06 18:12:27,675 - PLAID API CALL: link_token_create | 
2025-07-06 18:13:03,905 - PLAID API CALL: link_token_create | 
2025-07-06 18:13:06,685 - PLAID API CALL: link_token_create | 
2025-07-06 18:24:01,887 - PLAID API CALL: link_token_create | 
2025-07-06 18:24:04,217 - PLAID API CALL: link_token_create | 
2025-07-06 18:24:05,653 - PLAID API CALL: link_token_create | 
2025-07-06 18:24:06,736 - PLAID API CALL: link_token_create | 
2025-07-06 18:24:07,590 - PLAID API CALL: link_token_create | 
2025-07-06 18:24:10,090 - PLAID API CALL: link_token_create | 
2025-07-06 18:24:11,266 - PLAID API CALL: link_token_create | 
2025-07-06 18:24:12,083 - PLAID API CALL: link_token_create | 
2025-07-06 18:24:13,114 - PLAID API CALL: link_token_create | 
2025-07-06 18:24:13,929 - PLAID API CALL: link_token_create | 
2025-07-06 18:24:14,920 - PLAID API CALL: link_token_create | 
2025-07-06 18:24:15,475 - PLAID API CALL: link_token_create | 
2025-07-06 18:24:16,773 - PLAID API CALL: link_token_create | 
2025-07-06 18:24:17,897 - PLAID API CALL: link_token_create | 
2025-07-06 18:26:55,660 - PLAID API CALL: link_token_create | 
2025-07-06 18:26:57,143 - PLAID API CALL: link_token_create | 
2025-07-06 18:26:58,412 - PLAID API CALL: link_token_create | 
2025-07-06 18:26:59,398 - PLAID API CALL: link_token_create | 
2025-07-06 18:27:00,423 - PLAID API CALL: link_token_create | 
2025-07-06 18:27:01,263 - PLAID API CALL: link_token_create | 
2025-07-06 18:27:02,272 - PLAID API CALL: link_token_create | 
2025-07-06 18:27:03,111 - PLAID API CALL: link_token_create | 
2025-07-06 18:29:39,657 - PLAID API CALL: link_token_create | 
2025-07-06 18:29:41,283 - PLAID API CALL: link_token_create | 
2025-07-06 18:29:42,537 - PLAID API CALL: link_token_create | 
2025-07-06 18:29:44,317 - PLAID API CALL: link_token_create | 
2025-07-06 18:29:46,355 - PLAID API CALL: link_token_create | 
2025-07-06 18:29:47,664 - PLAID API CALL: link_token_create | 
2025-07-06 18:29:49,900 - PLAID API CALL: link_token_create | 
2025-07-06 18:29:51,305 - PLAID API CALL: link_token_create | 
2025-07-06 18:29:57,145 - PLAID API CALL: link_token_create | 
2025-07-06 18:29:58,288 - PLAID API CALL: link_token_create | 
2025-07-06 18:30:30,046 - PLAID API CALL: link_token_create | 
2025-07-06 18:30:32,962 - PLAID API CALL: link_token_create | 
2025-07-06 18:30:35,629 - PLAID API CALL: link_token_create | 
2025-07-06 18:30:42,835 - PLAID API CALL: link_token_create | 
2025-07-06 18:32:31,268 - PLAID API CALL: link_token_create | 
2025-07-06 18:32:33,450 - PLAID API CALL: link_token_create | 
2025-07-06 18:32:35,435 - PLAID API CALL: link_token_create | 
2025-07-06 18:32:39,687 - PLAID API CALL: link_token_create | 
2025-07-06 18:34:25,343 - PLAID API CALL: link_token_create | 
2025-07-06 18:34:27,950 - PLAID API CALL: link_token_create | 
2025-07-06 18:35:21,952 - PLAID API CALL: link_token_create | 
2025-07-06 18:36:01,669 - PLAID API CALL: link_token_create | 
2025-07-06 18:36:19,647 - PLAID API CALL: link_token_create | 
2025-07-06 18:36:21,614 - PLAID API CALL: link_token_create | 
2025-07-06 18:36:24,166 - PLAID API CALL: link_token_create | 
2025-07-06 18:36:26,473 - PLAID API CALL: link_token_create | 
2025-07-06 18:37:00,368 - PLAID API CALL: link_token_create | 
2025-07-06 18:57:39,090 - PLAID API CALL: link_token_create | 
2025-07-06 18:57:41,625 - PLAID API CALL: link_token_create | 
2025-07-06 18:57:43,795 - PLAID API CALL: link_token_create | 
2025-07-06 18:57:55,851 - PLAID API CALL: link_token_create | 
2025-07-06 18:58:48,223 - PLAID API CALL: link_token_create | 
2025-07-06 18:58:52,043 - PLAID API CALL: link_token_create | 
2025-07-06 18:59:27,290 - PLAID API CALL: link_token_create | 
2025-07-06 18:59:30,820 - PLAID API CALL: link_token_create | 
2025-07-06 18:59:41,649 - PLAID API CALL: link_token_create | 
2025-07-06 18:59:43,511 - PLAID API CALL: link_token_create | 
2025-07-06 18:59:51,549 - PLAID API CALL: link_token_create | 
2025-07-06 19:00:41,372 - PLAID API CALL: link_token_create | 
2025-07-06 19:07:19,251 - PLAID API CALL: link_token_create | 
2025-07-06 19:09:02,965 - PLAID API CALL: link_token_create | 
2025-07-06 19:09:56,770 - PLAID API CALL: link_token_create | 
2025-07-06 19:11:20,446 - PLAID API CALL: link_token_create | 
2025-07-06 19:11:22,024 - PLAID API CALL: link_token_create | 
2025-07-06 19:11:23,067 - PLAID API CALL: link_token_create | 
2025-07-06 19:11:24,155 - PLAID API CALL: link_token_create | 
2025-07-06 19:11:56,823 - PLAID API CALL: item_public_token_exchange | 
2025-07-06 19:11:57,319 - PLAID API CALL: accounts_get | token_hash=3362834483909075852
2025-07-06 19:11:58,692 - PLAID API CALL: transactions_sync COMPLETE | added=24
2025-07-06 19:12:00,096 - PLAID API CALL: link_token_create | 
2025-07-06 19:12:15,123 - PLAID API CALL: link_token_create | 
2025-07-06 19:12:18,896 - PLAID API CALL: link_token_create | 
2025-07-06 19:16:12,150 - PLAID API CALL: link_token_create | 
2025-07-06 19:16:20,147 - PLAID API CALL: link_token_create | 
2025-07-06 19:16:45,762 - PLAID API CALL: item_public_token_exchange | 
2025-07-06 19:16:46,157 - PLAID API CALL: accounts_get | token_hash=3201621549975876903
2025-07-06 19:16:47,269 - PLAID API CALL: transactions_sync COMPLETE | added=24
2025-07-06 19:16:50,104 - PLAID API CALL: link_token_create | 
2025-07-06 19:17:26,088 - PLAID API CALL: link_token_create | 
2025-07-06 19:17:53,621 - PLAID API CALL: item_public_token_exchange | 
2025-07-06 19:17:54,046 - PLAID API CALL: accounts_get | token_hash=3430350915544222208
2025-07-06 19:17:55,263 - PLAID API CALL: transactions_sync COMPLETE | added=24
2025-07-06 19:17:55,958 - PLAID API CALL: link_token_create | 
2025-07-06 19:19:09,426 - PLAID API CALL: link_token_create | 
2025-07-06 19:20:10,901 - PLAID API CALL: link_token_create | 
2025-07-06 19:20:13,697 - PLAID API CALL: link_token_create | 
2025-07-06 19:20:27,683 - PLAID API CALL: link_token_create | 
2025-07-06 19:21:01,373 - PLAID API CALL: link_token_create | 
2025-07-06 19:21:20,018 - PLAID API CALL: link_token_create | 
2025-07-06 19:21:23,320 - PLAID API CALL: link_token_create | 
2025-07-06 19:21:24,895 - PLAID API CALL: link_token_create | 
2025-07-06 19:21:38,128 - PLAID API CALL: link_token_create | 
2025-07-06 19:23:20,756 - PLAID API CALL: link_token_create | 
2025-07-06 19:23:53,302 - PLAID API CALL: item_public_token_exchange | 
2025-07-06 19:23:53,684 - PLAID API CALL: accounts_get | token_hash=894889968085293340
2025-07-06 19:23:54,932 - PLAID API CALL: transactions_sync COMPLETE | added=42
2025-07-06 19:23:55,693 - PLAID API CALL: link_token_create | 
2025-07-06 19:25:01,217 - PLAID API CALL: link_token_create | 
2025-07-06 19:25:09,873 - PLAID API CALL: link_token_create | 
2025-07-06 19:25:37,118 - PLAID API CALL: item_public_token_exchange | 
2025-07-06 19:25:37,447 - PLAID API CALL: accounts_get | token_hash=-3216203476014574457
2025-07-06 19:25:38,658 - PLAID API CALL: transactions_sync COMPLETE | added=36
2025-07-06 19:25:39,362 - PLAID API CALL: link_token_create | 
2025-07-06 19:27:15,602 - PLAID API CALL: link_token_create | 
2025-07-06 19:27:19,959 - PLAID API CALL: link_token_create | 
2025-07-06 19:27:52,790 - PLAID API CALL: link_token_create | 
2025-07-06 19:27:58,191 - PLAID API CALL: link_token_create | 
2025-07-06 19:28:26,629 - PLAID API CALL: item_public_token_exchange | 
2025-07-06 19:28:27,064 - PLAID API CALL: accounts_get | token_hash=-3746332215503290866
2025-07-06 19:28:28,227 - PLAID API CALL: transactions_sync COMPLETE | added=36
2025-07-06 19:28:29,209 - PLAID API CALL: link_token_create | 
2025-07-06 19:28:49,191 - PLAID API CALL: link_token_create | 
2025-07-06 19:28:51,073 - PLAID API CALL: link_token_create | 
2025-07-14 12:31:18,163 - PLAID API CALL: link_token_create | 
2025-07-14 13:05:25,892 - PLAID API CALL: link_token_create | 
2025-07-14 13:07:08,703 - PLAID API CALL: link_token_create | 
2025-07-14 13:07:23,648 - PLAID API CALL: link_token_create | 
2025-07-14 13:12:55,446 - PLAID API CALL: link_token_create | 
2025-07-14 13:14:53,314 - PLAID API CALL: link_token_create | 
2025-07-14 14:34:18,883 - PLAID API CALL: link_token_create | 
2025-07-14 14:52:08,142 - PLAID API CALL: link_token_create | 
2025-07-14 14:52:31,509 - PLAID API CALL: link_token_create | 
2025-07-14 14:52:39,875 - PLAID API CALL: link_token_create | 
2025-07-14 14:52:57,202 - PLAID API CALL: link_token_create | 
2025-07-14 14:53:07,732 - PLAID API CALL: link_token_create | 
2025-07-14 14:53:48,774 - PLAID API CALL: link_token_create | 
2025-07-14 14:53:52,906 - PLAID API CALL: link_token_create | 
2025-07-14 14:54:17,927 - PLAID API CALL: link_token_create | 
2025-07-14 14:54:47,118 - PLAID API CALL: link_token_create | 
2025-07-14 14:54:47,375 - PLAID API CALL: link_token_create | 
2025-07-14 14:54:50,463 - PLAID API CALL: link_token_create | 
2025-07-14 14:54:50,614 - PLAID API CALL: link_token_create | 
2025-07-14 14:55:37,639 - PLAID API CALL: link_token_create | 
2025-07-14 14:55:37,910 - PLAID API CALL: link_token_create | 
2025-07-14 14:56:05,921 - PLAID API CALL: link_token_create | 
2025-07-14 14:56:06,168 - PLAID API CALL: link_token_create | 
2025-07-14 14:56:09,397 - PLAID API CALL: link_token_create | 
2025-07-14 14:56:09,599 - PLAID API CALL: link_token_create | 
2025-07-14 14:56:45,555 - PLAID API CALL: link_token_create | 
2025-07-14 14:56:45,728 - PLAID API CALL: link_token_create | 
2025-07-14 14:59:47,031 - PLAID API CALL: link_token_create | 
2025-07-14 14:59:47,660 - PLAID API CALL: link_token_create | 
2025-07-14 15:01:16,090 - PLAID API CALL: link_token_create | 
2025-07-14 15:01:16,674 - PLAID API CALL: link_token_create | 
2025-07-14 15:01:20,375 - PLAID API CALL: link_token_create | 
2025-07-14 15:01:20,529 - PLAID API CALL: link_token_create | 
2025-07-14 15:01:22,671 - PLAID API CALL: link_token_create | 
2025-07-14 15:01:22,830 - PLAID API CALL: link_token_create | 
2025-07-14 15:01:25,513 - PLAID API CALL: link_token_create | 
2025-07-14 15:01:25,683 - PLAID API CALL: link_token_create | 
2025-07-14 15:02:42,068 - PLAID API CALL: link_token_create | 
2025-07-14 15:02:42,664 - PLAID API CALL: link_token_create | 
2025-07-14 15:04:53,795 - PLAID API CALL: link_token_create | 
2025-07-14 15:04:54,328 - PLAID API CALL: link_token_create | 
2025-07-14 15:13:19,659 - PLAID API CALL: link_token_create | 
2025-07-14 15:13:20,415 - PLAID API CALL: link_token_create | 
2025-07-14 15:16:11,263 - PLAID API CALL: link_token_create | 
2025-07-14 15:16:11,280 - PLAID API CALL: link_token_create | 
2025-07-14 15:16:11,282 - PLAID API CALL: link_token_create | 
2025-07-14 15:16:11,283 - PLAID API CALL: link_token_create | 
2025-07-14 15:16:13,511 - PLAID API CALL: link_token_create | 
2025-07-14 15:53:06,192 - PLAID API CALL: link_token_create | 
2025-07-14 15:53:06,918 - PLAID API CALL: link_token_create | 
2025-07-14 15:53:10,082 - PLAID API CALL: link_token_create | 
2025-07-14 15:53:12,169 - PLAID API CALL: link_token_create | 
2025-07-14 15:53:17,893 - PLAID API CALL: link_token_create | 
2025-07-14 15:53:18,118 - PLAID API CALL: link_token_create | 
2025-07-14 15:53:23,847 - PLAID API CALL: link_token_create | 
2025-07-14 15:53:24,022 - PLAID API CALL: link_token_create | 
2025-07-14 15:55:16,262 - PLAID API CALL: link_token_create | 
2025-07-14 15:55:16,849 - PLAID API CALL: link_token_create | 
2025-07-14 16:34:53,454 - PLAID API CALL: link_token_create | 
2025-07-14 16:34:54,965 - PLAID API CALL: link_token_create | 
2025-07-14 17:09:59,776 - PLAID API CALL: link_token_create | 
2025-07-14 17:10:05,983 - PLAID API CALL: link_token_create | 
2025-07-14 17:10:06,147 - PLAID API CALL: link_token_create | 
2025-07-14 17:13:00,461 - PLAID API CALL: link_token_create | 
2025-07-14 17:13:01,174 - PLAID API CALL: link_token_create | 
2025-07-14 17:33:01,502 - PLAID API CALL: link_token_create | 
2025-07-14 17:33:02,103 - PLAID API CALL: link_token_create | 
2025-07-14 17:34:26,375 - PLAID API CALL: link_token_create | 
2025-07-14 17:34:26,951 - PLAID API CALL: link_token_create | 
2025-07-14 17:41:22,033 - PLAID API CALL: link_token_create | 
2025-07-14 17:41:22,663 - PLAID API CALL: link_token_create | 
2025-07-14 17:41:27,714 - PLAID API CALL: link_token_create | 
2025-07-14 17:41:29,074 - PLAID API CALL: link_token_create | 
2025-07-14 17:41:30,229 - PLAID API CALL: link_token_create | 
2025-07-14 17:41:31,197 - PLAID API CALL: link_token_create | 
2025-07-14 17:41:32,234 - PLAID API CALL: link_token_create | 
2025-07-14 17:41:33,221 - PLAID API CALL: link_token_create | 
2025-07-14 17:41:33,941 - PLAID API CALL: link_token_create | 
2025-07-14 17:58:36,811 - PLAID API CALL: link_token_create | 
2025-07-14 22:00:24,748 - PLAID API CALL: link_token_create | 
2025-07-14 22:00:39,056 - PLAID API CALL: link_token_create | 
2025-07-14 22:00:39,392 - PLAID API CALL: link_token_create | 
2025-07-14 22:00:47,416 - PLAID API CALL: link_token_create | 
2025-07-14 22:00:47,591 - PLAID API CALL: link_token_create | 
2025-07-14 22:00:49,778 - PLAID API CALL: link_token_create | 
2025-07-14 22:00:50,918 - PLAID API CALL: link_token_create | 
2025-07-14 22:00:55,025 - PLAID API CALL: link_token_create | 
2025-07-14 22:00:55,189 - PLAID API CALL: link_token_create | 
2025-07-14 22:04:09,569 - PLAID API CALL: link_token_create | 
2025-07-14 22:04:10,716 - PLAID API CALL: link_token_create | 
2025-07-14 22:04:11,845 - PLAID API CALL: link_token_create | 
2025-07-14 22:04:12,793 - PLAID API CALL: link_token_create | 
2025-07-14 22:04:13,987 - PLAID API CALL: link_token_create | 
2025-07-14 22:04:15,586 - PLAID API CALL: link_token_create | 
2025-07-14 22:04:22,395 - PLAID API CALL: link_token_create | 
2025-07-14 22:04:24,135 - PLAID API CALL: link_token_create | 
2025-07-14 22:07:36,475 - PLAID API CALL: link_token_create | 
2025-07-14 22:07:39,245 - PLAID API CALL: link_token_create | 
2025-07-14 22:09:13,035 - PLAID API CALL: link_token_create | 
2025-07-14 22:09:14,108 - PLAID API CALL: link_token_create | 
2025-07-14 22:09:39,906 - PLAID API CALL: link_token_create | 
2025-07-14 22:09:47,873 - PLAID API CALL: link_token_create | 
2025-07-14 22:09:50,273 - PLAID API CALL: link_token_create | 
2025-07-14 22:09:53,789 - PLAID API CALL: link_token_create | 
2025-07-14 22:10:02,266 - PLAID API CALL: link_token_create | 
2025-07-14 22:10:12,119 - PLAID API CALL: link_token_create | 
2025-07-14 22:10:55,419 - PLAID API CALL: link_token_create | 
2025-07-14 22:10:57,189 - PLAID API CALL: link_token_create | 
2025-07-14 22:23:38,522 - PLAID API CALL: link_token_create | 
2025-07-14 22:23:39,196 - PLAID API CALL: link_token_create | 
2025-07-14 22:23:40,440 - PLAID API CALL: link_token_create | 
2025-07-14 22:25:02,864 - PLAID API CALL: link_token_create | 
2025-07-14 22:25:03,487 - PLAID API CALL: link_token_create | 
2025-07-14 22:51:37,354 - PLAID API CALL: link_token_create | 
2025-07-14 22:51:37,575 - PLAID API CALL: link_token_create | 
2025-07-14 22:51:38,164 - PLAID API CALL: link_token_create | 
2025-07-14 22:51:56,334 - PLAID API CALL: link_token_create | 
2025-07-14 22:51:56,503 - PLAID API CALL: link_token_create | 
2025-07-14 23:06:03,987 - PLAID API CALL: link_token_create | 
2025-07-14 23:06:04,646 - PLAID API CALL: link_token_create | 
2025-07-14 23:06:34,166 - PLAID API CALL: link_token_create | 
2025-07-14 23:06:34,565 - PLAID API CALL: link_token_create | 
2025-07-14 23:08:38,691 - PLAID API CALL: link_token_create | 
2025-07-14 23:08:39,311 - PLAID API CALL: link_token_create | 
2025-07-14 23:08:47,261 - PLAID API CALL: link_token_create | 
2025-07-14 23:08:47,453 - PLAID API CALL: link_token_create | 
2025-07-14 23:10:18,443 - PLAID API CALL: link_token_create | 
2025-07-14 23:10:19,020 - PLAID API CALL: link_token_create | 
2025-07-14 23:10:27,896 - PLAID API CALL: link_token_create | 
2025-07-14 23:10:28,053 - PLAID API CALL: link_token_create | 
2025-07-15 15:17:58,242 - PLAID API CALL: link_token_create | 
2025-07-15 15:17:58,793 - PLAID API CALL: link_token_create | 
2025-07-15 15:18:01,034 - PLAID API CALL: link_token_create | 
2025-07-15 15:40:07,922 - PLAID API CALL: link_token_create | 
2025-07-15 16:51:35,157 - PLAID API CALL: link_token_create | 
2025-07-15 17:06:11,506 - PLAID API CALL: link_token_create | 
2025-07-15 17:06:12,279 - PLAID API CALL: link_token_create | 
2025-07-15 17:06:23,577 - PLAID API CALL: link_token_create | 
2025-07-15 17:06:23,740 - PLAID API CALL: link_token_create | 
2025-07-15 17:06:33,726 - PLAID API CALL: link_token_create | 
2025-07-15 17:06:33,953 - PLAID API CALL: link_token_create | 
2025-07-15 17:06:44,656 - PLAID API CALL: link_token_create | 
2025-07-15 17:06:44,882 - PLAID API CALL: link_token_create | 
2025-07-15 17:07:00,035 - PLAID API CALL: link_token_create | 
2025-07-16 13:32:22,629 - PLAID API CALL: link_token_create | 
2025-07-16 13:32:23,410 - PLAID API CALL: link_token_create | 
2025-07-16 13:32:32,626 - PLAID API CALL: link_token_create | 
2025-07-16 13:32:32,778 - PLAID API CALL: link_token_create | 
2025-07-16 13:33:05,831 - PLAID API CALL: link_token_create | 
2025-07-16 13:33:05,994 - PLAID API CALL: link_token_create | 
2025-07-16 13:33:19,647 - PLAID API CALL: link_token_create | 
2025-07-16 13:33:19,794 - PLAID API CALL: link_token_create | 
2025-07-16 13:33:24,676 - PLAID API CALL: link_token_create | 
2025-07-16 13:33:24,821 - PLAID API CALL: link_token_create | 
2025-07-16 13:34:55,034 - PLAID API CALL: link_token_create | 
2025-07-16 13:34:55,527 - PLAID API CALL: link_token_create | 
2025-07-16 13:35:05,150 - PLAID API CALL: link_token_create | 
2025-07-16 13:35:05,318 - PLAID API CALL: link_token_create | 
2025-07-16 13:35:13,795 - PLAID API CALL: link_token_create | 
2025-07-16 13:35:13,943 - PLAID API CALL: link_token_create | 
2025-07-16 13:35:20,013 - PLAID API CALL: link_token_create | 
2025-07-16 13:35:20,159 - PLAID API CALL: link_token_create | 
2025-07-16 13:40:49,997 - PLAID API CALL: link_token_create | 
2025-07-16 13:40:50,595 - PLAID API CALL: link_token_create | 
2025-07-16 13:41:05,322 - PLAID API CALL: link_token_create | 
2025-07-16 13:41:05,476 - PLAID API CALL: link_token_create | 
2025-07-16 13:41:47,175 - PLAID API CALL: link_token_create | 
2025-07-16 13:41:48,655 - PLAID API CALL: link_token_create | 
2025-07-16 13:41:58,089 - PLAID API CALL: link_token_create | 
2025-07-16 13:41:58,248 - PLAID API CALL: link_token_create | 
2025-07-16 13:46:26,220 - PLAID API CALL: link_token_create | 
2025-07-16 13:46:26,712 - PLAID API CALL: link_token_create | 
2025-07-16 13:47:18,138 - PLAID API CALL: link_token_create | 
2025-07-16 13:47:18,303 - PLAID API CALL: link_token_create | 
2025-07-16 13:48:02,254 - PLAID API CALL: link_token_create | 
2025-07-16 13:48:02,417 - PLAID API CALL: link_token_create | 
2025-07-16 14:01:22,153 - PLAID API CALL: link_token_create | 
2025-07-16 14:01:22,832 - PLAID API CALL: link_token_create | 
2025-07-16 14:04:40,988 - PLAID API CALL: item_public_token_exchange | 
2025-07-16 14:04:41,781 - PLAID API CALL: accounts_get | token_hash=1090935923139540970
2025-07-16 14:04:42,986 - PLAID API CALL: transactions_sync COMPLETE | added=44
2025-07-16 14:04:44,420 - PLAID API CALL: link_token_create | 
2025-07-16 14:06:07,740 - PLAID API CALL: link_token_create | 
2025-07-16 14:06:08,271 - PLAID API CALL: link_token_create | 
2025-07-16 14:06:50,033 - PLAID API CALL: item_public_token_exchange | 
2025-07-16 14:06:50,430 - PLAID API CALL: accounts_get | token_hash=423857702185701693
2025-07-16 14:06:51,706 - PLAID API CALL: transactions_sync COMPLETE | added=44
2025-07-16 14:06:52,719 - PLAID API CALL: link_token_create | 
2025-07-16 14:09:35,571 - PLAID API CALL: link_token_create | 
2025-07-16 14:09:36,163 - PLAID API CALL: link_token_create | 
2025-07-16 14:10:08,590 - PLAID API CALL: item_public_token_exchange | 
2025-07-16 14:10:09,163 - PLAID API CALL: accounts_get | token_hash=7960279258925606815
2025-07-16 14:10:10,310 - PLAID API CALL: transactions_sync COMPLETE | added=44
2025-07-16 14:10:11,471 - PLAID API CALL: link_token_create | 
2025-07-16 14:11:09,169 - PLAID API CALL: link_token_create | 
2025-07-16 14:11:09,434 - PLAID API CALL: link_token_create | 
2025-07-16 14:15:45,228 - PLAID API CALL: link_token_create | 
2025-07-16 14:16:12,115 - PLAID API CALL: link_token_create | 
2025-07-16 14:16:22,516 - PLAID API CALL: link_token_create | 
2025-07-16 14:17:47,182 - PLAID API CALL: link_token_create | 
2025-07-16 14:17:49,109 - PLAID API CALL: link_token_create | 
2025-07-16 14:18:23,253 - PLAID API CALL: link_token_create | 
2025-07-16 14:19:43,370 - PLAID API CALL: link_token_create | 
2025-07-16 14:20:02,619 - PLAID API CALL: link_token_create | 
2025-07-16 14:20:27,317 - PLAID API CALL: link_token_create | 
2025-07-16 14:22:29,168 - PLAID API CALL: link_token_create | 
2025-07-16 14:26:09,564 - PLAID API CALL: link_token_create | 
2025-07-16 14:26:10,089 - PLAID API CALL: link_token_create | 
2025-07-17 11:45:44,128 - PLAID API CALL: link_token_create | 
2025-07-17 11:45:44,765 - PLAID API CALL: link_token_create | 
2025-07-17 11:47:44,701 - PLAID API CALL: link_token_create | 
2025-07-17 11:47:45,173 - PLAID API CALL: link_token_create | 
2025-07-17 11:58:16,491 - PLAID API CALL: link_token_create | 
2025-07-17 11:59:41,414 - PLAID API CALL: link_token_create | 
2025-07-17 12:48:42,115 - PLAID API CALL: link_token_create | 
2025-07-17 12:48:42,699 - PLAID API CALL: link_token_create | 
2025-07-17 12:50:01,194 - PLAID API CALL: link_token_create | 
2025-07-17 12:50:01,664 - PLAID API CALL: link_token_create | 
2025-07-17 12:50:08,437 - PLAID API CALL: link_token_create | 
2025-07-17 12:50:08,707 - PLAID API CALL: link_token_create | 
2025-07-17 13:28:43,500 - PLAID API CALL: link_token_create | 
2025-07-17 13:28:43,984 - PLAID API CALL: link_token_create | 
2025-07-17 13:30:25,767 - PLAID API CALL: link_token_create | 
2025-07-17 13:30:26,282 - PLAID API CALL: link_token_create | 
2025-07-17 14:03:54,066 - PLAID API CALL: link_token_create | 
2025-07-17 14:20:06,342 - PLAID API CALL: link_token_create | 
2025-07-17 14:20:06,890 - PLAID API CALL: link_token_create | 
2025-07-17 14:20:12,545 - PLAID API CALL: link_token_create | 
2025-07-17 14:20:12,768 - PLAID API CALL: link_token_create | 
2025-07-17 14:32:10,752 - PLAID API CALL: link_token_create | 
2025-07-17 14:32:23,619 - PLAID API CALL: link_token_create | 
2025-07-17 14:33:15,966 - PLAID API CALL: link_token_create | 
2025-07-17 14:33:30,557 - PLAID API CALL: link_token_create | 
2025-07-17 14:33:51,401 - PLAID API CALL: link_token_create | 
2025-07-17 14:33:51,653 - PLAID API CALL: link_token_create | 
2025-07-17 14:33:54,786 - PLAID API CALL: link_token_create | 
2025-07-17 14:33:55,012 - PLAID API CALL: link_token_create | 
2025-07-17 14:33:58,658 - PLAID API CALL: link_token_create | 
2025-07-17 14:33:58,875 - PLAID API CALL: link_token_create | 
2025-07-17 14:34:31,152 - PLAID API CALL: link_token_create | 
2025-07-17 14:34:31,305 - PLAID API CALL: link_token_create | 
2025-07-17 14:34:36,049 - PLAID API CALL: link_token_create | 
2025-07-17 14:34:36,251 - PLAID API CALL: link_token_create | 
2025-07-17 14:34:41,311 - PLAID API CALL: link_token_create | 
2025-07-17 14:34:41,459 - PLAID API CALL: link_token_create | 
2025-07-17 14:34:46,534 - PLAID API CALL: link_token_create | 
2025-07-17 14:34:46,690 - PLAID API CALL: link_token_create | 
2025-07-17 14:34:51,446 - PLAID API CALL: link_token_create | 
2025-07-17 14:34:51,608 - PLAID API CALL: link_token_create | 
2025-07-17 14:47:24,308 - PLAID API CALL: link_token_create | 
2025-07-17 14:47:44,301 - PLAID API CALL: link_token_create | 
2025-07-17 14:47:45,282 - PLAID API CALL: link_token_create | 
2025-07-17 14:47:45,282 - PLAID API CALL: link_token_create | 
2025-07-17 14:47:45,442 - PLAID API CALL: link_token_create | 
2025-07-17 14:47:45,602 - PLAID API CALL: link_token_create | 
2025-07-17 14:47:45,774 - PLAID API CALL: link_token_create | 
2025-07-17 14:50:59,244 - PLAID API CALL: link_token_create | 
2025-07-17 14:50:59,700 - PLAID API CALL: link_token_create | 
2025-07-17 16:23:11,756 - PLAID API CALL: link_token_create | 
2025-07-17 16:23:12,577 - PLAID API CALL: link_token_create | 
2025-07-17 16:23:46,995 - PLAID API CALL: link_token_create | 
2025-07-17 16:23:47,259 - PLAID API CALL: link_token_create | 
2025-07-17 16:23:51,742 - PLAID API CALL: link_token_create | 
2025-07-17 16:23:51,886 - PLAID API CALL: link_token_create | 
2025-07-17 16:23:54,473 - PLAID API CALL: link_token_create | 
2025-07-17 16:24:16,837 - PLAID API CALL: link_token_create | 
2025-07-17 16:24:17,075 - PLAID API CALL: link_token_create | 
2025-07-17 16:25:21,946 - PLAID API CALL: link_token_create | 
2025-07-17 16:25:22,198 - PLAID API CALL: link_token_create | 
2025-07-17 16:25:31,324 - PLAID API CALL: link_token_create | 
2025-07-17 16:25:31,493 - PLAID API CALL: link_token_create | 
2025-07-17 16:25:35,040 - PLAID API CALL: link_token_create | 
2025-07-17 16:25:35,190 - PLAID API CALL: link_token_create | 
2025-07-17 16:25:42,860 - PLAID API CALL: link_token_create | 
2025-07-17 16:25:43,007 - PLAID API CALL: link_token_create | 
2025-07-17 16:27:21,703 - PLAID API CALL: link_token_create | 
2025-07-17 16:27:22,324 - PLAID API CALL: link_token_create | 
2025-07-17 16:27:25,905 - PLAID API CALL: link_token_create | 
2025-07-17 16:27:26,126 - PLAID API CALL: link_token_create | 
2025-07-17 16:27:58,137 - PLAID API CALL: link_token_create | 
2025-07-17 16:27:58,290 - PLAID API CALL: link_token_create | 
2025-07-17 16:28:06,383 - PLAID API CALL: link_token_create | 
2025-07-17 16:28:06,536 - PLAID API CALL: link_token_create | 
2025-07-17 16:59:08,017 - PLAID API CALL: link_token_create | 
2025-07-17 16:59:09,032 - PLAID API CALL: link_token_create | 
2025-07-17 16:59:13,374 - PLAID API CALL: link_token_create | 
2025-07-17 16:59:13,514 - PLAID API CALL: link_token_create | 
2025-07-17 16:59:17,439 - PLAID API CALL: link_token_create | 
2025-07-17 17:06:52,964 - PLAID API CALL: link_token_create | 
2025-07-17 17:06:53,948 - PLAID API CALL: link_token_create | 
2025-07-17 17:07:51,840 - PLAID API CALL: link_token_create | 
2025-07-17 17:07:51,983 - PLAID API CALL: link_token_create | 
2025-07-17 17:08:54,168 - PLAID API CALL: link_token_create | 
2025-07-17 17:08:54,426 - PLAID API CALL: link_token_create | 
2025-07-17 17:09:12,393 - PLAID API CALL: link_token_create | 
2025-07-17 17:09:12,567 - PLAID API CALL: link_token_create | 
2025-07-17 17:09:17,121 - PLAID API CALL: link_token_create | 
2025-07-17 17:09:17,271 - PLAID API CALL: link_token_create | 
2025-07-17 17:10:35,796 - PLAID API CALL: link_token_create | 
2025-07-17 17:10:36,286 - PLAID API CALL: link_token_create | 
2025-07-17 17:10:42,587 - PLAID API CALL: link_token_create | 
2025-07-17 17:10:42,747 - PLAID API CALL: link_token_create | 
2025-07-17 19:14:37,772 - PLAID API CALL: link_token_create | 
2025-07-17 19:14:38,840 - PLAID API CALL: link_token_create | 
2025-07-17 19:14:49,832 - PLAID API CALL: link_token_create | 
2025-07-17 19:14:49,983 - PLAID API CALL: link_token_create | 
2025-07-17 19:15:13,120 - PLAID API CALL: link_token_create | 
2025-07-17 19:15:13,271 - PLAID API CALL: link_token_create | 
2025-07-18 13:21:15,343 - PLAID API CALL: link_token_create | 
2025-07-18 13:21:16,696 - PLAID API CALL: link_token_create | 
2025-07-18 13:41:08,122 - PLAID API CALL: link_token_create | 
2025-07-18 13:41:09,042 - PLAID API CALL: link_token_create | 
2025-07-18 14:05:30,996 - PLAID API CALL: link_token_create | 
2025-07-18 14:05:31,721 - PLAID API CALL: link_token_create | 
2025-07-18 14:05:40,790 - PLAID API CALL: link_token_create | 
2025-07-18 14:05:40,954 - PLAID API CALL: link_token_create | 
2025-07-18 14:05:44,208 - PLAID API CALL: link_token_create | 
2025-07-18 14:05:44,366 - PLAID API CALL: link_token_create | 
2025-07-18 14:16:57,114 - PLAID API CALL: link_token_create | 
2025-07-18 14:16:57,880 - PLAID API CALL: link_token_create | 
2025-07-18 14:17:29,411 - PLAID API CALL: link_token_create | 
2025-07-18 14:17:29,653 - PLAID API CALL: link_token_create | 
2025-07-18 14:22:57,045 - PLAID API CALL: link_token_create | 
2025-07-18 14:22:57,635 - PLAID API CALL: link_token_create | 
2025-07-18 14:23:13,256 - PLAID API CALL: link_token_create | 
2025-07-18 14:23:13,447 - PLAID API CALL: link_token_create | 
2025-07-18 15:26:48,285 - PLAID API CALL: link_token_create | 
2025-07-18 15:26:49,054 - PLAID API CALL: link_token_create | 
2025-07-18 15:29:31,475 - PLAID API CALL: link_token_create | 
2025-07-18 15:29:32,041 - PLAID API CALL: link_token_create | 
2025-07-18 15:29:36,365 - PLAID API CALL: link_token_create | 
2025-07-18 15:29:36,541 - PLAID API CALL: link_token_create | 
2025-07-18 15:29:43,389 - PLAID API CALL: link_token_create | 
2025-07-18 15:29:43,524 - PLAID API CALL: link_token_create | 
2025-07-18 15:30:12,302 - PLAID API CALL: link_token_create | 
2025-07-18 15:30:12,874 - PLAID API CALL: link_token_create | 
2025-07-18 15:32:20,973 - PLAID API CALL: link_token_create | 
2025-07-18 15:32:21,557 - PLAID API CALL: link_token_create | 
2025-07-18 15:47:29,655 - PLAID API CALL: link_token_create | 
2025-07-18 15:47:30,467 - PLAID API CALL: link_token_create | 
2025-07-18 15:47:57,656 - PLAID API CALL: link_token_create | 
2025-07-18 15:47:57,865 - PLAID API CALL: link_token_create | 
2025-07-18 15:47:59,619 - PLAID API CALL: link_token_create | 
2025-07-18 15:48:04,876 - PLAID API CALL: link_token_create | 
2025-07-18 15:48:05,044 - PLAID API CALL: link_token_create | 
2025-07-18 16:27:44,038 - PLAID API CALL: link_token_create | 
2025-07-18 16:27:47,270 - PLAID API CALL: link_token_create | 
2025-07-18 16:27:51,939 - PLAID API CALL: link_token_create | 
2025-07-18 18:23:15,237 - PLAID API CALL: link_token_create | 
2025-07-18 18:25:49,815 - PLAID API CALL: link_token_create | 
2025-07-18 18:25:50,444 - PLAID API CALL: link_token_create | 
2025-07-18 18:25:57,206 - PLAID API CALL: link_token_create | 
2025-07-18 18:25:57,361 - PLAID API CALL: link_token_create | 
2025-07-18 18:28:55,099 - PLAID API CALL: link_token_create | 
2025-07-18 18:29:32,021 - PLAID API CALL: link_token_create | 
2025-07-18 18:29:32,273 - PLAID API CALL: link_token_create | 
2025-07-18 18:29:53,227 - PLAID API CALL: link_token_create | 
2025-07-18 18:29:54,720 - PLAID API CALL: link_token_create | 
2025-07-18 18:29:59,882 - PLAID API CALL: link_token_create | 
2025-07-18 18:30:00,079 - PLAID API CALL: link_token_create | 
2025-07-18 18:36:22,508 - PLAID API CALL: link_token_create | 
2025-07-18 18:36:23,822 - PLAID API CALL: link_token_create | 
2025-07-18 18:36:59,607 - PLAID API CALL: link_token_create | 
2025-07-18 18:36:59,768 - PLAID API CALL: link_token_create | 
2025-07-18 18:47:04,421 - PLAID API CALL: link_token_create | 
2025-07-18 18:47:05,093 - PLAID API CALL: link_token_create | 
2025-07-18 18:51:17,408 - PLAID API CALL: link_token_create | 
2025-07-18 18:51:18,037 - PLAID API CALL: link_token_create | 
2025-07-18 18:51:29,893 - PLAID API CALL: link_token_create | 
2025-07-18 18:51:30,063 - PLAID API CALL: link_token_create | 
2025-07-18 18:52:27,804 - PLAID API CALL: link_token_create | 
2025-07-18 18:52:27,970 - PLAID API CALL: link_token_create | 
2025-07-18 18:52:31,460 - PLAID API CALL: link_token_create | 
2025-07-18 18:52:31,621 - PLAID API CALL: link_token_create | 
2025-07-18 22:40:57,004 - PLAID API CALL: link_token_create | 
2025-07-18 22:40:57,947 - PLAID API CALL: link_token_create | 
2025-07-18 22:47:47,345 - PLAID API CALL: link_token_create | 
2025-07-18 22:47:48,029 - PLAID API CALL: link_token_create | 
2025-07-18 22:48:46,441 - PLAID API CALL: link_token_create | 
2025-07-18 22:48:46,724 - PLAID API CALL: link_token_create | 
2025-07-18 22:49:38,451 - PLAID API CALL: link_token_create | 
2025-07-18 22:49:38,757 - PLAID API CALL: link_token_create | 
2025-07-18 22:49:46,899 - PLAID API CALL: link_token_create | 
2025-07-18 22:49:47,063 - PLAID API CALL: link_token_create | 
2025-07-18 22:50:00,625 - PLAID API CALL: link_token_create | 
2025-07-18 22:50:00,868 - PLAID API CALL: link_token_create | 
2025-07-18 22:50:26,860 - PLAID API CALL: link_token_create | 
2025-07-18 22:50:27,023 - PLAID API CALL: link_token_create | 
2025-07-18 23:01:31,130 - PLAID API CALL: link_token_create | 
2025-07-18 23:01:42,016 - PLAID API CALL: link_token_create | 
2025-07-18 23:01:42,174 - PLAID API CALL: link_token_create | 
2025-07-18 23:02:09,277 - PLAID API CALL: link_token_create | 
2025-07-18 23:02:09,530 - PLAID API CALL: link_token_create | 
2025-07-18 23:13:39,750 - PLAID API CALL: link_token_create | 
2025-07-18 23:13:40,335 - PLAID API CALL: link_token_create | 
2025-07-18 23:56:04,358 - PLAID API CALL: link_token_create | 
2025-07-18 23:56:10,866 - PLAID API CALL: link_token_create | 
2025-07-18 23:56:26,259 - PLAID API CALL: link_token_create | 
2025-07-18 23:56:26,417 - PLAID API CALL: link_token_create | 
2025-07-18 23:56:42,511 - PLAID API CALL: link_token_create | 
2025-07-18 23:56:42,668 - PLAID API CALL: link_token_create | 
2025-07-18 23:56:52,413 - PLAID API CALL: link_token_create | 
2025-07-18 23:56:52,592 - PLAID API CALL: link_token_create | 
2025-07-19 00:22:14,621 - PLAID API CALL: link_token_create | 
2025-07-19 00:22:15,499 - PLAID API CALL: link_token_create | 
2025-07-19 00:25:44,916 - PLAID API CALL: link_token_create | 
2025-07-19 00:25:45,512 - PLAID API CALL: link_token_create | 
2025-07-19 00:30:32,760 - PLAID API CALL: link_token_create | 
2025-07-19 00:30:33,328 - PLAID API CALL: link_token_create | 
2025-07-19 00:42:10,621 - PLAID API CALL: link_token_create | 
2025-07-19 00:42:39,505 - PLAID API CALL: link_token_create | 
2025-07-19 00:42:39,963 - PLAID API CALL: link_token_create | 
2025-07-19 00:43:51,628 - PLAID API CALL: link_token_create | 
2025-07-19 00:47:02,052 - PLAID API CALL: link_token_create | 
2025-07-19 00:47:02,653 - PLAID API CALL: link_token_create | 
2025-07-19 00:48:07,029 - PLAID API CALL: link_token_create | 
2025-07-19 00:48:07,315 - PLAID API CALL: link_token_create | 
2025-07-19 00:50:06,449 - PLAID API CALL: link_token_create | 
2025-07-19 00:50:07,069 - PLAID API CALL: link_token_create | 
2025-07-19 00:50:45,223 - PLAID API CALL: link_token_create | 
2025-07-19 00:50:45,405 - PLAID API CALL: link_token_create | 
2025-07-19 00:51:33,023 - PLAID API CALL: link_token_create | 
2025-07-19 00:51:33,265 - PLAID API CALL: link_token_create | 
2025-07-19 00:52:30,386 - PLAID API CALL: link_token_create | 
2025-07-19 00:52:30,597 - PLAID API CALL: link_token_create | 
2025-07-19 10:14:22,336 - PLAID API CALL: link_token_create | 
2025-07-19 10:14:23,022 - PLAID API CALL: link_token_create | 
2025-07-19 10:21:00,105 - PLAID API CALL: link_token_create | 
2025-07-19 10:21:00,775 - PLAID API CALL: link_token_create | 
2025-07-20 17:45:46,581 - PLAID API CALL: link_token_create | 
2025-07-20 17:55:06,508 - PLAID API CALL: link_token_create | 
2025-07-20 17:55:07,177 - PLAID API CALL: link_token_create | 
2025-07-20 17:55:12,661 - PLAID API CALL: link_token_create | 
2025-07-20 17:55:12,806 - PLAID API CALL: link_token_create | 
2025-07-20 17:55:15,825 - PLAID API CALL: link_token_create | 
2025-07-20 17:55:15,980 - PLAID API CALL: link_token_create | 
2025-07-20 17:55:56,094 - PLAID API CALL: link_token_create | 
2025-07-20 17:55:56,333 - PLAID API CALL: link_token_create | 
2025-07-20 17:56:05,204 - PLAID API CALL: link_token_create | 
2025-07-20 17:56:05,375 - PLAID API CALL: link_token_create | 
2025-07-20 17:56:08,934 - PLAID API CALL: link_token_create | 
2025-07-20 17:56:09,097 - PLAID API CALL: link_token_create | 
2025-07-20 17:56:14,898 - PLAID API CALL: link_token_create | 
2025-07-20 17:56:15,114 - PLAID API CALL: link_token_create | 
2025-07-20 17:56:23,783 - PLAID API CALL: link_token_create | 
2025-07-20 17:56:24,022 - PLAID API CALL: link_token_create | 
2025-07-20 17:56:35,919 - PLAID API CALL: link_token_create | 
2025-07-20 17:56:36,112 - PLAID API CALL: link_token_create | 
2025-07-20 17:57:30,825 - PLAID API CALL: link_token_create | 
2025-07-20 18:35:17,395 - PLAID API CALL: link_token_create | 
2025-07-20 18:35:37,313 - PLAID API CALL: link_token_create | 
2025-07-20 18:35:42,229 - PLAID API CALL: link_token_create | 
2025-07-20 18:35:42,237 - PLAID API CALL: link_token_create | 
2025-07-20 18:35:48,824 - PLAID API CALL: link_token_create | 
2025-07-20 18:35:48,825 - PLAID API CALL: link_token_create | 
2025-07-20 18:35:55,377 - PLAID API CALL: link_token_create | 
2025-07-20 18:35:55,378 - PLAID API CALL: link_token_create | 
2025-07-20 18:36:09,178 - PLAID API CALL: link_token_create | 
2025-07-20 18:36:09,179 - PLAID API CALL: link_token_create | 
2025-07-20 18:36:19,617 - PLAID API CALL: link_token_create | 
2025-07-20 18:36:19,618 - PLAID API CALL: link_token_create | 
2025-07-20 18:36:22,622 - PLAID API CALL: link_token_create | 
2025-07-20 18:36:22,622 - PLAID API CALL: link_token_create | 
2025-07-20 18:36:22,766 - PLAID API CALL: link_token_create | 
2025-07-20 18:36:22,915 - PLAID API CALL: link_token_create | 
2025-07-20 18:36:23,076 - PLAID API CALL: link_token_create | 
2025-07-20 19:03:49,879 - PLAID API CALL: link_token_create | 
2025-07-20 19:10:26,371 - PLAID API CALL: link_token_create | 
2025-07-20 19:10:27,146 - PLAID API CALL: link_token_create | 
2025-07-20 20:04:03,947 - PLAID API CALL: link_token_create | 
2025-07-20 20:33:08,297 - PLAID API CALL: link_token_create | 
2025-07-20 20:33:09,239 - PLAID API CALL: link_token_create | 
2025-07-20 20:33:20,060 - PLAID API CALL: link_token_create | 
2025-07-20 20:33:20,317 - PLAID API CALL: link_token_create | 
2025-07-20 20:33:57,318 - PLAID API CALL: item_public_token_exchange | 
2025-07-20 20:33:57,718 - PLAID API CALL: accounts_get | token_hash=-8663779082559069048
2025-07-20 20:33:58,876 - PLAID API CALL: transactions_sync COMPLETE | added=36
2025-07-20 20:34:00,322 - PLAID API CALL: link_token_create | 
2025-07-20 20:46:43,942 - PLAID API CALL: link_token_create | 
2025-07-20 20:46:44,647 - PLAID API CALL: link_token_create | 
2025-07-20 20:46:46,569 - PLAID API CALL: link_token_create | 
2025-07-20 20:46:48,750 - PLAID API CALL: link_token_create | 
2025-07-20 20:46:50,421 - PLAID API CALL: link_token_create | 
2025-07-20 20:46:59,574 - PLAID API CALL: link_token_create | 
2025-07-20 20:49:36,835 - PLAID API CALL: link_token_create | 
2025-07-20 20:50:55,254 - PLAID API CALL: link_token_create | 
2025-07-20 20:50:57,937 - PLAID API CALL: link_token_create | 
2025-07-20 20:51:06,677 - PLAID API CALL: link_token_create | 
2025-07-20 20:55:20,003 - PLAID API CALL: link_token_create | 
2025-07-20 20:56:33,687 - PLAID API CALL: link_token_create | 
2025-07-20 20:58:45,449 - PLAID API CALL: link_token_create | 
2025-07-20 20:59:20,851 - PLAID API CALL: item_public_token_exchange | 
2025-07-20 20:59:21,431 - PLAID API CALL: accounts_get | token_hash=-4511387061394215992
2025-07-20 20:59:22,644 - PLAID API CALL: transactions_sync COMPLETE | added=36
2025-07-20 20:59:23,578 - PLAID API CALL: link_token_create | 
2025-07-20 20:59:29,849 - PLAID API CALL: link_token_create | 
2025-07-20 20:59:30,092 - PLAID API CALL: link_token_create | 
2025-07-20 20:59:33,252 - PLAID API CALL: link_token_create | 
2025-07-20 20:59:33,418 - PLAID API CALL: link_token_create | 
2025-07-20 20:59:54,690 - PLAID API CALL: link_token_create | 
2025-07-20 20:59:54,874 - PLAID API CALL: link_token_create | 
2025-07-20 21:00:06,157 - PLAID API CALL: link_token_create | 
2025-07-20 21:00:06,324 - PLAID API CALL: link_token_create | 
2025-07-20 21:00:12,962 - PLAID API CALL: link_token_create | 
2025-07-20 21:00:13,163 - PLAID API CALL: link_token_create | 
2025-07-20 21:00:46,438 - PLAID API CALL: link_token_create | 
2025-07-20 21:00:46,616 - PLAID API CALL: link_token_create | 
2025-07-20 21:00:50,376 - PLAID API CALL: link_token_create | 
2025-07-20 21:00:50,552 - PLAID API CALL: link_token_create | 
2025-07-20 21:00:53,549 - PLAID API CALL: link_token_create | 
2025-07-20 21:00:53,707 - PLAID API CALL: link_token_create | 
2025-07-20 21:01:07,840 - PLAID API CALL: link_token_create | 
2025-07-20 21:01:08,018 - PLAID API CALL: link_token_create | 
2025-07-20 21:01:11,251 - PLAID API CALL: link_token_create | 
2025-07-20 21:01:11,415 - PLAID API CALL: link_token_create | 
2025-07-20 21:01:21,594 - PLAID API CALL: link_token_create | 
2025-07-20 21:01:21,849 - PLAID API CALL: link_token_create | 
2025-07-20 21:01:28,610 - PLAID API CALL: link_token_create | 
2025-07-20 21:01:28,777 - PLAID API CALL: link_token_create | 
2025-07-20 21:01:34,251 - PLAID API CALL: link_token_create | 
2025-07-20 21:01:34,427 - PLAID API CALL: link_token_create | 
2025-07-20 21:01:44,995 - PLAID API CALL: link_token_create | 
2025-07-20 21:01:45,245 - PLAID API CALL: link_token_create | 
2025-07-20 21:01:57,046 - PLAID API CALL: link_token_create | 
2025-07-20 21:01:57,299 - PLAID API CALL: link_token_create | 
2025-07-20 21:04:21,887 - PLAID API CALL: link_token_create | 
2025-07-20 21:04:26,696 - PLAID API CALL: link_token_create | 
2025-07-20 21:04:28,597 - PLAID API CALL: link_token_create | 
2025-07-20 21:19:39,911 - PLAID API CALL: link_token_create | 
2025-07-20 21:20:31,277 - PLAID API CALL: item_public_token_exchange | 
2025-07-20 21:20:31,694 - PLAID API CALL: accounts_get | token_hash=-547964337966477081
2025-07-20 21:20:32,988 - PLAID API CALL: transactions_sync COMPLETE | added=36
2025-07-20 21:20:33,856 - PLAID API CALL: link_token_create | 
2025-07-20 21:20:43,205 - PLAID API CALL: link_token_create | 
2025-07-20 21:20:43,720 - PLAID API CALL: link_token_create | 
2025-07-20 21:20:46,849 - PLAID API CALL: link_token_create | 
2025-07-20 21:20:47,103 - PLAID API CALL: link_token_create | 
2025-07-20 21:20:49,999 - PLAID API CALL: link_token_create | 
2025-07-20 21:20:50,175 - PLAID API CALL: link_token_create | 
2025-07-20 21:20:54,689 - PLAID API CALL: link_token_create | 
2025-07-20 21:20:54,972 - PLAID API CALL: link_token_create | 
2025-07-20 21:21:00,461 - PLAID API CALL: link_token_create | 
2025-07-20 21:21:00,645 - PLAID API CALL: link_token_create | 
2025-07-20 21:21:04,690 - PLAID API CALL: link_token_create | 
2025-07-20 21:21:04,860 - PLAID API CALL: link_token_create | 
2025-07-20 21:21:09,735 - PLAID API CALL: link_token_create | 
2025-07-20 21:21:09,904 - PLAID API CALL: link_token_create | 
2025-07-20 21:35:01,822 - PLAID API CALL: link_token_create | 
2025-07-20 21:45:41,387 - PLAID API CALL: link_token_create | 
2025-07-20 21:47:45,908 - PLAID API CALL: item_public_token_exchange | 
2025-07-20 21:47:46,707 - PLAID API CALL: accounts_get | token_hash=7483783985889266083
2025-07-20 21:47:47,982 - PLAID API CALL: transactions_sync COMPLETE | added=36
2025-07-20 21:47:48,855 - PLAID API CALL: link_token_create | 
2025-07-20 21:48:08,222 - PLAID API CALL: link_token_create | 
2025-07-20 21:48:08,393 - PLAID API CALL: link_token_create | 
2025-07-20 21:48:13,866 - PLAID API CALL: link_token_create | 
2025-07-20 21:48:14,037 - PLAID API CALL: link_token_create | 
2025-07-20 21:48:24,257 - PLAID API CALL: link_token_create | 
2025-07-20 21:48:24,507 - PLAID API CALL: link_token_create | 
2025-07-20 21:48:41,741 - PLAID API CALL: link_token_create | 
2025-07-20 21:48:41,940 - PLAID API CALL: link_token_create | 
2025-07-26 20:03:55,965 - PLAID API CALL: link_token_create | 
2025-07-26 20:12:04,392 - PLAID API CALL: link_token_create | 
2025-07-26 20:12:04,995 - PLAID API CALL: link_token_create | 
2025-07-26 20:12:12,820 - PLAID API CALL: link_token_create | 
2025-07-26 20:12:12,988 - PLAID API CALL: link_token_create | 
2025-07-26 20:13:04,643 - PLAID API CALL: item_public_token_exchange | 
2025-07-26 20:13:05,155 - PLAID API CALL: accounts_get | token_hash=-8324709028017428174
2025-07-26 20:13:06,445 - PLAID API CALL: transactions_sync COMPLETE | added=24
2025-07-26 20:13:07,823 - PLAID API CALL: link_token_create | 
2025-07-26 20:17:02,366 - PLAID API CALL: link_token_create | 
2025-07-26 20:17:02,992 - PLAID API CALL: link_token_create | 
2025-07-26 20:18:00,454 - PLAID API CALL: link_token_create | 
2025-07-26 20:18:00,635 - PLAID API CALL: link_token_create | 
2025-07-26 20:18:11,035 - PLAID API CALL: link_token_create | 
2025-07-26 20:18:11,280 - PLAID API CALL: link_token_create | 
2025-07-26 20:18:25,873 - PLAID API CALL: link_token_create | 
2025-07-26 20:18:26,034 - PLAID API CALL: link_token_create | 
2025-07-26 20:19:23,505 - PLAID API CALL: link_token_create | 
2025-07-26 20:19:23,743 - PLAID API CALL: link_token_create | 
2025-07-26 20:21:00,803 - PLAID API CALL: link_token_create | 
2025-07-26 20:21:01,401 - PLAID API CALL: link_token_create | 
2025-07-26 20:21:12,163 - PLAID API CALL: link_token_create | 
2025-07-26 20:21:12,322 - PLAID API CALL: link_token_create | 
2025-07-26 20:21:17,572 - PLAID API CALL: link_token_create | 
2025-07-26 20:21:17,804 - PLAID API CALL: link_token_create | 
2025-07-26 20:21:22,855 - PLAID API CALL: link_token_create | 
2025-07-26 20:21:23,007 - PLAID API CALL: link_token_create | 
2025-07-26 20:22:06,238 - PLAID API CALL: item_public_token_exchange | 
2025-07-26 20:22:06,580 - PLAID API CALL: accounts_get | token_hash=8733146678880570590
2025-07-26 20:22:07,733 - PLAID API CALL: transactions_sync COMPLETE | added=39
2025-07-26 20:22:09,139 - PLAID API CALL: link_token_create | 
2025-07-26 20:22:26,241 - PLAID API CALL: link_token_create | 
2025-07-26 20:22:26,514 - PLAID API CALL: link_token_create | 
2025-07-26 20:22:39,304 - PLAID API CALL: link_token_create | 
2025-07-26 20:22:39,456 - PLAID API CALL: link_token_create | 
2025-07-26 20:22:45,886 - PLAID API CALL: link_token_create | 
2025-07-26 20:22:46,145 - PLAID API CALL: link_token_create | 
2025-07-26 20:22:56,227 - PLAID API CALL: link_token_create | 
2025-07-26 20:22:56,404 - PLAID API CALL: link_token_create | 
2025-07-26 20:34:41,648 - PLAID API CALL: link_token_create | 
2025-07-26 20:34:42,333 - PLAID API CALL: link_token_create | 
2025-07-26 20:44:20,006 - PLAID API CALL: link_token_create | 
2025-07-26 20:44:21,440 - PLAID API CALL: link_token_create | 
2025-07-26 20:44:27,311 - PLAID API CALL: link_token_create | 
2025-07-26 20:44:27,482 - PLAID API CALL: link_token_create | 
2025-07-26 20:44:31,069 - PLAID API CALL: link_token_create | 
2025-07-26 20:44:31,234 - PLAID API CALL: link_token_create | 
2025-07-26 20:44:34,698 - PLAID API CALL: link_token_create | 
2025-07-26 20:44:34,870 - PLAID API CALL: link_token_create | 
2025-07-26 20:44:41,435 - PLAID API CALL: link_token_create | 
2025-07-26 20:44:41,596 - PLAID API CALL: link_token_create | 
2025-07-26 20:44:56,489 - PLAID API CALL: link_token_create | 
2025-07-26 20:44:56,680 - PLAID API CALL: link_token_create | 
2025-07-27 10:22:05,789 - PLAID API CALL: link_token_create | 
2025-07-27 10:22:06,478 - PLAID API CALL: link_token_create | 
2025-07-27 10:22:16,935 - PLAID API CALL: link_token_create | 
2025-07-27 10:22:17,176 - PLAID API CALL: link_token_create | 
2025-07-29 16:11:25,708 - PLAID API CALL: link_token_create | 
2025-07-29 16:11:27,298 - PLAID API CALL: link_token_create | 
2025-07-29 16:11:28,366 - PLAID API CALL: link_token_create | 
2025-07-29 16:11:32,595 - PLAID API CALL: link_token_create | 
2025-07-29 16:11:33,743 - PLAID API CALL: link_token_create | 
2025-07-29 16:16:05,643 - PLAID API CALL: link_token_create | 
2025-07-29 16:16:06,275 - PLAID API CALL: link_token_create | 
2025-07-29 16:16:19,863 - PLAID API CALL: link_token_create | 
2025-07-29 16:16:20,099 - PLAID API CALL: link_token_create | 
2025-07-29 16:16:23,646 - PLAID API CALL: link_token_create | 
2025-07-29 16:16:23,777 - PLAID API CALL: link_token_create | 
2025-07-29 16:16:27,229 - PLAID API CALL: link_token_create | 
2025-07-29 16:16:27,387 - PLAID API CALL: link_token_create | 
2025-07-29 16:16:37,501 - PLAID API CALL: link_token_create | 
2025-07-29 16:16:37,727 - PLAID API CALL: link_token_create | 
2025-07-29 16:16:42,054 - PLAID API CALL: link_token_create | 
2025-07-29 16:23:21,775 - PLAID API CALL: link_token_create | 
2025-07-29 16:23:22,315 - PLAID API CALL: link_token_create | 
2025-07-29 16:23:25,338 - PLAID API CALL: link_token_create | 
2025-07-29 16:23:25,475 - PLAID API CALL: link_token_create | 
2025-07-29 17:10:56,844 - PLAID API CALL: link_token_create | 
2025-07-29 17:10:57,362 - PLAID API CALL: link_token_create | 
2025-07-29 17:15:11,119 - PLAID API CALL: link_token_create | 
2025-07-29 17:15:45,321 - PLAID API CALL: item_public_token_exchange | 
2025-07-29 17:15:45,897 - PLAID API CALL: accounts_get | token_hash=1293037183248892044
2025-07-29 17:15:47,022 - PLAID API CALL: transactions_sync COMPLETE | added=18
2025-07-29 17:15:47,834 - PLAID API CALL: link_token_create | 
2025-07-29 17:15:54,150 - PLAID API CALL: link_token_create | 
2025-07-29 17:15:54,309 - PLAID API CALL: link_token_create | 
2025-07-29 17:16:04,028 - PLAID API CALL: link_token_create | 
2025-07-29 17:16:04,180 - PLAID API CALL: link_token_create | 
2025-07-29 17:19:00,526 - PLAID API CALL: link_token_create | 
2025-07-29 17:19:00,967 - PLAID API CALL: link_token_create | 
2025-07-30 11:05:18,932 - PLAID API CALL: link_token_create | 
2025-07-30 11:05:54,196 - PLAID API CALL: link_token_create | 
2025-07-30 11:49:12,171 - PLAID API CALL: link_token_create | 
2025-07-30 11:49:34,184 - PLAID API CALL: link_token_create | 
2025-07-30 11:49:34,352 - PLAID API CALL: link_token_create | 
2025-07-30 11:49:37,653 - PLAID API CALL: link_token_create | 
2025-07-30 11:49:37,810 - PLAID API CALL: link_token_create | 
2025-07-30 11:49:42,775 - PLAID API CALL: link_token_create | 
2025-07-30 11:49:42,950 - PLAID API CALL: link_token_create | 
2025-07-30 17:35:44,263 - PLAID API CALL: link_token_create | 
2025-07-30 17:35:58,472 - PLAID API CALL: link_token_create | 
2025-07-30 17:35:58,696 - PLAID API CALL: link_token_create | 
2025-07-30 17:45:59,863 - PLAID API CALL: link_token_create | 
2025-07-30 18:04:22,991 - PLAID API CALL: link_token_create | 
2025-07-30 18:56:01,833 - PLAID API CALL: link_token_create | 
2025-07-30 21:00:12,776 - PLAID API CALL: link_token_create | 
2025-07-30 21:02:16,662 - PLAID API CALL: link_token_create | 
2025-07-30 21:02:32,618 - PLAID API CALL: link_token_create | 
2025-07-30 21:02:32,639 - PLAID API CALL: link_token_create | 
2025-07-30 21:02:41,026 - PLAID API CALL: link_token_create | 
2025-07-30 21:02:41,069 - PLAID API CALL: link_token_create | 
2025-07-30 21:03:45,829 - PLAID API CALL: item_public_token_exchange | 
2025-07-30 21:03:46,190 - PLAID API CALL: accounts_get | token_hash=-1392618555170314130
2025-07-30 21:03:47,353 - PLAID API CALL: transactions_sync COMPLETE | added=25
2025-07-30 21:03:48,288 - PLAID API CALL: link_token_create | 
2025-07-30 21:04:04,959 - PLAID API CALL: link_token_create | 
2025-07-30 21:04:04,978 - PLAID API CALL: link_token_create | 
2025-07-30 21:04:17,351 - PLAID API CALL: link_token_create | 
2025-07-30 21:04:17,357 - PLAID API CALL: link_token_create | 
2025-07-30 21:04:32,236 - PLAID API CALL: link_token_create | 
2025-07-30 21:04:32,246 - PLAID API CALL: link_token_create | 
2025-07-30 21:04:41,474 - PLAID API CALL: link_token_create | 
2025-07-30 21:04:41,487 - PLAID API CALL: link_token_create | 
2025-07-30 21:04:51,656 - PLAID API CALL: link_token_create | 
2025-07-30 21:04:51,667 - PLAID API CALL: link_token_create | 
2025-07-30 21:05:03,125 - PLAID API CALL: link_token_create | 
2025-07-30 21:05:03,138 - PLAID API CALL: link_token_create | 
2025-07-30 21:05:05,877 - PLAID API CALL: link_token_create | 
2025-07-30 21:05:05,878 - PLAID API CALL: link_token_create | 
2025-07-30 21:46:47,148 - PLAID API CALL: link_token_create | 
2025-07-30 21:46:51,583 - PLAID API CALL: link_token_create | 
2025-07-30 21:46:51,589 - PLAID API CALL: link_token_create | 
2025-07-30 21:47:41,093 - PLAID API CALL: link_token_create | 
2025-07-30 21:47:41,100 - PLAID API CALL: link_token_create | 
2025-07-30 21:47:45,460 - PLAID API CALL: link_token_create | 
2025-07-30 21:47:45,464 - PLAID API CALL: link_token_create | 
2025-07-30 21:48:51,877 - PLAID API CALL: item_public_token_exchange | 
2025-07-30 21:48:52,566 - PLAID API CALL: accounts_get | token_hash=736001301253067689
2025-07-30 21:48:53,674 - PLAID API CALL: transactions_sync COMPLETE | added=37
2025-07-30 21:48:54,550 - PLAID API CALL: link_token_create | 
2025-07-30 21:49:22,142 - PLAID API CALL: link_token_create | 
2025-07-30 21:49:22,179 - PLAID API CALL: link_token_create | 
2025-07-30 21:49:27,865 - PLAID API CALL: link_token_create | 
2025-07-30 21:49:27,877 - PLAID API CALL: link_token_create | 
2025-07-30 21:49:33,153 - PLAID API CALL: link_token_create | 
2025-07-30 21:49:33,166 - PLAID API CALL: link_token_create | 
2025-07-30 21:49:44,092 - PLAID API CALL: link_token_create | 
2025-07-30 21:49:44,099 - PLAID API CALL: link_token_create | 
2025-07-30 21:49:54,034 - PLAID API CALL: link_token_create | 
2025-07-30 21:49:54,046 - PLAID API CALL: link_token_create | 
2025-07-30 21:50:05,751 - PLAID API CALL: link_token_create | 
2025-07-30 21:50:05,764 - PLAID API CALL: link_token_create | 
2025-07-30 21:50:14,438 - PLAID API CALL: link_token_create | 
2025-07-30 21:50:14,445 - PLAID API CALL: link_token_create | 
2025-07-30 21:50:18,184 - PLAID API CALL: link_token_create | 
2025-07-30 21:50:23,117 - PLAID API CALL: link_token_create | 
2025-07-30 21:50:23,147 - PLAID API CALL: link_token_create | 
2025-07-30 21:50:25,763 - PLAID API CALL: link_token_create | 
2025-07-30 21:50:34,099 - PLAID API CALL: link_token_create | 
2025-07-30 21:50:36,828 - PLAID API CALL: link_token_create | 
2025-07-30 21:50:54,753 - PLAID API CALL: link_token_create | 
2025-07-30 21:50:54,768 - PLAID API CALL: link_token_create | 
2025-07-30 21:50:58,703 - PLAID API CALL: link_token_create | 
2025-07-30 21:51:01,743 - PLAID API CALL: link_token_create | 
2025-07-30 21:51:01,746 - PLAID API CALL: link_token_create | 
2025-07-30 21:51:03,069 - PLAID API CALL: link_token_create | 
2025-07-30 21:51:03,079 - PLAID API CALL: link_token_create | 
2025-07-30 21:51:04,490 - PLAID API CALL: link_token_create | 
2025-07-30 21:51:04,491 - PLAID API CALL: link_token_create | 
2025-07-30 21:51:09,593 - PLAID API CALL: link_token_create | 
2025-07-30 21:51:09,600 - PLAID API CALL: link_token_create | 
2025-07-30 21:51:48,191 - PLAID API CALL: item_public_token_exchange | 
2025-07-30 21:51:48,532 - PLAID API CALL: accounts_get | token_hash=-448466110805775358
2025-07-30 21:51:49,709 - PLAID API CALL: transactions_sync COMPLETE | added=37
2025-07-30 21:51:50,251 - PLAID API CALL: link_token_create | 
2025-07-30 21:51:52,979 - PLAID API CALL: link_token_create | 
2025-07-30 21:52:03,123 - PLAID API CALL: link_token_create | 
2025-07-30 21:52:03,146 - PLAID API CALL: link_token_create | 
2025-07-30 21:52:16,121 - PLAID API CALL: link_token_create | 
2025-07-30 21:52:16,148 - PLAID API CALL: link_token_create | 
2025-07-30 21:52:27,167 - PLAID API CALL: link_token_create | 
2025-07-30 21:52:27,183 - PLAID API CALL: link_token_create | 
2025-07-30 21:52:35,924 - PLAID API CALL: link_token_create | 
2025-07-30 21:52:35,927 - PLAID API CALL: link_token_create | 
2025-07-30 21:53:02,209 - PLAID API CALL: item_public_token_exchange | 
2025-07-30 21:53:02,514 - PLAID API CALL: accounts_get | token_hash=5319496105341256312
2025-07-30 21:53:03,614 - PLAID API CALL: transactions_sync COMPLETE | added=19
2025-07-30 21:53:04,110 - PLAID API CALL: link_token_create | 
2025-07-30 21:53:06,890 - PLAID API CALL: link_token_create | 
2025-07-30 21:53:06,911 - PLAID API CALL: link_token_create | 
2025-07-30 21:53:17,298 - PLAID API CALL: link_token_create | 
2025-07-30 21:53:17,335 - PLAID API CALL: link_token_create | 
2025-07-30 21:53:42,334 - PLAID API CALL: link_token_create | 
2025-07-30 21:53:42,360 - PLAID API CALL: link_token_create | 
2025-07-30 21:53:45,118 - PLAID API CALL: link_token_create | 
2025-07-30 21:53:47,672 - PLAID API CALL: link_token_create | 
2025-07-31 12:19:49,312 - PLAID API CALL: link_token_create | 
2025-07-31 12:19:49,334 - PLAID API CALL: link_token_create | 
2025-07-31 12:25:02,195 - PLAID API CALL: link_token_create | 
2025-07-31 12:25:02,216 - PLAID API CALL: link_token_create | 
2025-07-31 12:46:29,004 - PLAID API CALL: link_token_create | 
2025-07-31 16:06:33,035 - PLAID API CALL: link_token_create | 
2025-07-31 16:06:33,636 - PLAID API CALL: link_token_create | 
2025-07-31 16:18:05,872 - PLAID API CALL: link_token_create | 
2025-07-31 16:18:33,453 - PLAID API CALL: item_public_token_exchange | 
2025-07-31 16:18:33,853 - PLAID API CALL: accounts_get | token_hash=1541511396545934378
2025-07-31 16:18:34,927 - PLAID API CALL: transactions_sync COMPLETE | added=37
2025-07-31 16:18:35,774 - PLAID API CALL: link_token_create | 
2025-07-31 16:21:07,726 - PLAID API CALL: link_token_create | 
2025-07-31 16:21:08,297 - PLAID API CALL: link_token_create | 
2025-07-31 16:21:23,456 - PLAID API CALL: link_token_create | 
2025-07-31 16:22:52,348 - PLAID API CALL: link_token_create | 
2025-07-31 16:22:53,050 - PLAID API CALL: link_token_create | 
2025-07-31 16:24:19,926 - PLAID API CALL: link_token_create | 
2025-07-31 16:24:20,381 - PLAID API CALL: link_token_create | 
2025-07-31 16:24:27,558 - PLAID API CALL: link_token_create | 
2025-07-31 16:24:27,737 - PLAID API CALL: link_token_create | 
2025-07-31 16:24:29,839 - PLAID API CALL: link_token_create | 
2025-07-31 16:24:30,030 - PLAID API CALL: link_token_create | 
2025-07-31 16:24:30,678 - PLAID API CALL: link_token_create | 
2025-07-31 16:24:30,820 - PLAID API CALL: link_token_create | 
2025-07-31 16:24:34,757 - PLAID API CALL: link_token_create | 
2025-07-31 16:24:34,914 - PLAID API CALL: link_token_create | 
2025-07-31 16:25:34,194 - PLAID API CALL: link_token_create | 
2025-07-31 16:25:34,454 - PLAID API CALL: link_token_create | 
2025-07-31 16:25:35,651 - PLAID API CALL: link_token_create | 
2025-07-31 16:25:35,789 - PLAID API CALL: link_token_create | 
2025-07-31 16:27:12,410 - PLAID API CALL: link_token_create | 
2025-07-31 16:27:14,058 - PLAID API CALL: link_token_create | 
2025-07-31 16:27:14,374 - PLAID API CALL: link_token_create | 
2025-07-31 16:27:14,536 - PLAID API CALL: link_token_create | 
2025-07-31 16:27:15,969 - PLAID API CALL: link_token_create | 
2025-07-31 16:27:16,118 - PLAID API CALL: link_token_create | 
2025-07-31 16:27:19,984 - PLAID API CALL: link_token_create | 
2025-07-31 16:27:20,147 - PLAID API CALL: link_token_create | 
2025-07-31 16:27:22,989 - PLAID API CALL: link_token_create | 
2025-07-31 16:27:23,135 - PLAID API CALL: link_token_create | 
2025-08-05 15:37:36,855 - PLAID API CALL: link_token_create | 
2025-08-05 15:37:39,088 - PLAID API CALL: link_token_create | 
2025-08-05 15:37:51,791 - PLAID API CALL: link_token_create | 
2025-08-05 15:37:53,577 - PLAID API CALL: link_token_create | 
2025-08-05 15:38:24,207 - PLAID API CALL: link_token_create | 
2025-08-05 15:39:12,070 - PLAID API CALL: link_token_create | 
2025-08-05 15:39:43,742 - PLAID API CALL: item_public_token_exchange | 
2025-08-05 15:39:44,056 - PLAID API CALL: accounts_get | token_hash=8884700319956682746
2025-08-05 15:39:45,254 - PLAID API CALL: transactions_sync COMPLETE | added=36
2025-08-05 15:39:46,441 - PLAID API CALL: link_token_create | 
2025-08-05 15:40:07,052 - PLAID API CALL: link_token_create | 
2025-08-05 15:40:07,199 - PLAID API CALL: link_token_create | 
2025-08-05 15:40:09,373 - PLAID API CALL: link_token_create | 
2025-08-05 15:40:09,529 - PLAID API CALL: link_token_create | 
2025-08-05 15:40:48,764 - PLAID API CALL: item_public_token_exchange | 
2025-08-05 15:40:49,052 - PLAID API CALL: accounts_get | token_hash=-8872128746657148616
2025-08-05 15:40:50,071 - PLAID API CALL: transactions_sync COMPLETE | added=36
2025-08-05 15:40:51,344 - PLAID API CALL: link_token_create | 
2025-08-05 15:40:53,293 - PLAID API CALL: link_token_create | 
2025-08-05 15:40:53,438 - PLAID API CALL: link_token_create | 
2025-08-05 16:42:53,575 - PLAID API CALL: link_token_create | 
2025-08-05 16:46:56,298 - PLAID API CALL: link_token_create | 
2025-08-05 16:51:53,717 - PLAID API CALL: link_token_create | 
2025-08-05 16:58:44,753 - PLAID API CALL: link_token_create | 
2025-08-05 17:56:16,142 - PLAID API CALL: link_token_create | 
2025-08-05 17:57:35,082 - PLAID API CALL: link_token_create | 
2025-08-05 18:36:39,898 - PLAID API CALL: link_token_create | 
2025-08-05 18:37:11,398 - PLAID API CALL: link_token_create | 
2025-08-05 18:37:13,383 - PLAID API CALL: link_token_create | 
2025-08-05 18:44:57,737 - PLAID API CALL: link_token_create | 
2025-08-05 18:45:06,934 - PLAID API CALL: link_token_create | 
2025-08-05 18:45:07,160 - PLAID API CALL: link_token_create | 
2025-08-05 18:45:08,687 - PLAID API CALL: link_token_create | 
2025-08-05 18:45:08,962 - PLAID API CALL: link_token_create | 
2025-08-05 18:45:13,484 - PLAID API CALL: link_token_create | 
2025-08-05 18:45:13,634 - PLAID API CALL: link_token_create | 
2025-08-05 18:45:21,834 - PLAID API CALL: link_token_create | 
2025-08-05 18:45:22,008 - PLAID API CALL: link_token_create | 
2025-08-05 18:46:00,472 - PLAID API CALL: link_token_create | 
2025-08-05 18:46:00,629 - PLAID API CALL: link_token_create | 
2025-08-05 18:46:20,516 - PLAID API CALL: link_token_create | 
2025-08-05 18:46:20,958 - PLAID API CALL: link_token_create | 
2025-08-05 18:46:31,385 - PLAID API CALL: link_token_create | 
2025-08-05 18:46:31,635 - PLAID API CALL: link_token_create | 
2025-08-05 18:46:37,974 - PLAID API CALL: link_token_create | 
2025-08-05 18:46:38,191 - PLAID API CALL: link_token_create | 
2025-08-05 18:46:56,921 - PLAID API CALL: link_token_create | 
2025-08-05 18:46:57,185 - PLAID API CALL: link_token_create | 
2025-08-05 18:47:02,296 - PLAID API CALL: link_token_create | 
2025-08-05 18:47:02,447 - PLAID API CALL: link_token_create | 
2025-08-05 18:47:10,881 - PLAID API CALL: link_token_create | 
2025-08-05 18:47:22,989 - PLAID API CALL: link_token_create | 
2025-08-05 18:47:23,151 - PLAID API CALL: link_token_create | 
2025-08-05 18:47:31,558 - PLAID API CALL: link_token_create | 
2025-08-05 18:47:31,709 - PLAID API CALL: link_token_create | 
2025-08-05 18:47:34,307 - PLAID API CALL: link_token_create | 
2025-08-05 18:47:34,444 - PLAID API CALL: link_token_create | 
2025-08-05 18:47:35,347 - PLAID API CALL: link_token_create | 
2025-08-05 18:47:35,506 - PLAID API CALL: link_token_create | 
2025-08-05 18:47:36,682 - PLAID API CALL: link_token_create | 
2025-08-05 18:47:36,865 - PLAID API CALL: link_token_create | 
2025-08-05 18:47:42,856 - PLAID API CALL: link_token_create | 
2025-08-05 18:47:43,027 - PLAID API CALL: link_token_create | 
2025-08-05 18:47:54,235 - PLAID API CALL: link_token_create | 
2025-08-05 18:47:54,450 - PLAID API CALL: link_token_create | 
2025-08-05 18:47:59,984 - PLAID API CALL: link_token_create | 
2025-08-05 18:50:37,162 - PLAID API CALL: link_token_create | 
2025-08-05 18:50:37,832 - PLAID API CALL: link_token_create | 
2025-08-05 18:51:37,812 - PLAID API CALL: link_token_create | 
2025-08-05 18:51:38,513 - PLAID API CALL: link_token_create | 
2025-08-05 18:51:41,458 - PLAID API CALL: link_token_create | 
2025-08-05 18:51:41,621 - PLAID API CALL: link_token_create | 
2025-08-05 18:51:45,850 - PLAID API CALL: link_token_create | 
2025-08-05 18:51:46,016 - PLAID API CALL: link_token_create | 
2025-08-05 19:01:34,426 - PLAID API CALL: link_token_create | 
2025-08-05 19:03:46,317 - PLAID API CALL: link_token_create | 
2025-08-05 19:05:32,350 - PLAID API CALL: link_token_create | 
2025-08-05 19:05:45,164 - PLAID API CALL: link_token_create | 
2025-08-05 19:07:01,479 - PLAID API CALL: link_token_create | 
2025-08-05 19:10:16,360 - PLAID API CALL: link_token_create | 
2025-08-05 19:10:16,865 - PLAID API CALL: link_token_create | 
2025-08-05 19:17:55,442 - PLAID API CALL: link_token_create | 
2025-08-05 19:17:55,902 - PLAID API CALL: link_token_create | 
2025-08-05 19:24:08,381 - PLAID API CALL: link_token_create | 
2025-08-05 19:24:14,425 - PLAID API CALL: link_token_create | 
2025-08-05 19:24:14,599 - PLAID API CALL: link_token_create | 
2025-08-05 19:24:17,135 - PLAID API CALL: link_token_create | 
2025-08-05 19:24:17,285 - PLAID API CALL: link_token_create | 
2025-08-05 19:24:19,622 - PLAID API CALL: link_token_create | 
2025-08-05 19:24:19,764 - PLAID API CALL: link_token_create | 
2025-08-05 19:24:20,716 - PLAID API CALL: link_token_create | 
2025-08-05 19:24:20,854 - PLAID API CALL: link_token_create | 
2025-08-05 19:24:27,082 - PLAID API CALL: link_token_create | 
2025-08-05 19:24:27,228 - PLAID API CALL: link_token_create | 
2025-08-05 19:24:29,592 - PLAID API CALL: link_token_create | 
2025-08-05 19:24:29,730 - PLAID API CALL: link_token_create | 
2025-08-05 20:35:18,375 - PLAID API CALL: link_token_create | 
2025-08-05 20:35:19,284 - PLAID API CALL: link_token_create | 
2025-08-05 20:36:01,167 - PLAID API CALL: link_token_create | 
2025-08-05 20:39:12,158 - PLAID API CALL: link_token_create | 
2025-08-05 20:39:12,733 - PLAID API CALL: link_token_create | 
2025-08-05 20:40:42,886 - PLAID API CALL: link_token_create | 
2025-08-05 20:40:43,436 - PLAID API CALL: link_token_create | 
2025-08-05 20:42:04,217 - PLAID API CALL: link_token_create | 
2025-08-05 20:42:30,022 - PLAID API CALL: link_token_create | 
2025-08-05 20:42:30,286 - PLAID API CALL: link_token_create | 
2025-08-05 20:43:43,683 - PLAID API CALL: link_token_create | 
2025-08-05 20:43:44,223 - PLAID API CALL: link_token_create | 
2025-08-05 20:44:01,126 - PLAID API CALL: link_token_create | 
2025-08-05 20:44:01,380 - PLAID API CALL: link_token_create | 
2025-08-05 20:44:59,488 - PLAID API CALL: link_token_create | 
2025-08-05 20:45:09,127 - PLAID API CALL: link_token_create | 
2025-08-05 22:06:34,968 - PLAID API CALL: link_token_create | 
2025-08-05 22:16:25,323 - PLAID API CALL: link_token_create | 
2025-08-05 22:16:26,640 - PLAID API CALL: link_token_create | 
2025-08-05 22:30:51,087 - PLAID API CALL: link_token_create | 
2025-08-05 22:31:04,017 - PLAID API CALL: link_token_create | 
2025-08-05 22:31:15,915 - PLAID API CALL: link_token_create | 
2025-08-05 22:31:24,748 - PLAID API CALL: link_token_create | 
2025-08-06 12:41:09,872 - PLAID API CALL: link_token_create | 
2025-08-06 12:41:25,070 - PLAID API CALL: link_token_create | 
2025-08-06 12:41:47,786 - PLAID API CALL: link_token_create | 
2025-08-06 12:41:47,948 - PLAID API CALL: link_token_create | 
2025-08-06 12:42:07,501 - PLAID API CALL: link_token_create | 
2025-08-06 12:42:07,656 - PLAID API CALL: link_token_create | 
2025-08-06 12:42:09,011 - PLAID API CALL: link_token_create | 
2025-08-06 12:42:09,162 - PLAID API CALL: link_token_create | 
2025-08-06 12:42:22,400 - PLAID API CALL: link_token_create | 
2025-08-06 12:42:22,542 - PLAID API CALL: link_token_create | 
2025-08-06 14:35:52,678 - PLAID API CALL: link_token_create | 
2025-08-06 14:36:00,024 - PLAID API CALL: link_token_create | 
2025-08-06 14:36:00,197 - PLAID API CALL: link_token_create | 
2025-08-06 14:36:02,099 - PLAID API CALL: link_token_create | 
2025-08-06 14:36:02,243 - PLAID API CALL: link_token_create | 
2025-08-06 14:36:03,487 - PLAID API CALL: link_token_create | 
2025-08-06 14:36:03,616 - PLAID API CALL: link_token_create | 
2025-08-06 16:41:08,412 - PLAID API CALL: link_token_create | 
2025-08-06 16:41:20,138 - PLAID API CALL: link_token_create | 
2025-08-06 16:41:20,300 - PLAID API CALL: link_token_create | 
2025-08-06 16:41:22,947 - PLAID API CALL: link_token_create | 
2025-08-06 16:41:23,096 - PLAID API CALL: link_token_create | 
2025-08-06 16:41:24,084 - PLAID API CALL: link_token_create | 
2025-08-06 16:41:24,236 - PLAID API CALL: link_token_create | 
2025-08-06 16:41:25,972 - PLAID API CALL: link_token_create | 
2025-08-06 16:41:26,117 - PLAID API CALL: link_token_create | 
2025-08-06 16:41:27,246 - PLAID API CALL: link_token_create | 
2025-08-06 16:41:27,387 - PLAID API CALL: link_token_create | 
2025-08-06 16:41:30,263 - PLAID API CALL: link_token_create | 
2025-08-06 16:41:30,415 - PLAID API CALL: link_token_create | 
2025-08-06 16:41:31,118 - PLAID API CALL: link_token_create | 
2025-08-06 16:41:31,269 - PLAID API CALL: link_token_create | 
2025-08-06 16:41:34,454 - PLAID API CALL: link_token_create | 
2025-08-06 16:41:34,592 - PLAID API CALL: link_token_create | 
2025-08-06 16:42:19,978 - PLAID API CALL: link_token_create | 
2025-08-06 16:42:31,724 - PLAID API CALL: link_token_create | 
2025-08-06 16:42:42,397 - PLAID API CALL: link_token_create | 
2025-08-06 16:42:42,576 - PLAID API CALL: link_token_create | 
2025-08-06 16:42:46,707 - PLAID API CALL: link_token_create | 
2025-08-06 16:42:46,862 - PLAID API CALL: link_token_create | 
2025-08-06 16:42:49,834 - PLAID API CALL: link_token_create | 
2025-08-06 16:42:49,974 - PLAID API CALL: link_token_create | 
2025-08-06 16:42:51,151 - PLAID API CALL: link_token_create | 
2025-08-06 16:42:51,287 - PLAID API CALL: link_token_create | 
2025-08-06 18:04:40,502 - PLAID API CALL: link_token_create | 
2025-08-06 18:04:41,168 - PLAID API CALL: link_token_create | 
2025-08-06 18:04:44,040 - PLAID API CALL: link_token_create | 
2025-08-06 18:04:44,255 - PLAID API CALL: link_token_create | 
2025-08-06 18:04:48,559 - PLAID API CALL: link_token_create | 
2025-08-06 18:10:49,348 - PLAID API CALL: link_token_create | 
2025-08-06 18:10:57,951 - PLAID API CALL: link_token_create | 
2025-08-06 18:10:58,111 - PLAID API CALL: link_token_create | 
2025-08-06 18:11:02,160 - PLAID API CALL: link_token_create | 
2025-08-06 18:12:49,087 - PLAID API CALL: link_token_create | 
2025-08-06 18:12:49,567 - PLAID API CALL: link_token_create | 
2025-08-06 18:12:57,479 - PLAID API CALL: link_token_create | 
2025-08-06 18:14:08,934 - PLAID API CALL: link_token_create | 
2025-08-06 18:14:09,483 - PLAID API CALL: link_token_create | 
2025-08-06 18:14:16,521 - PLAID API CALL: link_token_create | 
2025-08-06 18:18:00,216 - PLAID API CALL: link_token_create | 
2025-08-06 18:18:10,933 - PLAID API CALL: link_token_create | 
2025-08-06 18:18:37,063 - PLAID API CALL: link_token_create | 
2025-08-06 18:18:50,002 - PLAID API CALL: link_token_create | 
2025-08-06 18:20:25,438 - PLAID API CALL: link_token_create | 
2025-08-06 18:25:04,767 - PLAID API CALL: link_token_create | 
2025-08-06 18:26:27,937 - PLAID API CALL: link_token_create | 
2025-08-06 18:39:10,509 - PLAID API CALL: link_token_create | 
2025-08-06 18:39:59,917 - PLAID API CALL: link_token_create | 
2025-08-06 18:41:16,993 - PLAID API CALL: link_token_create | 
2025-08-06 18:43:53,828 - PLAID API CALL: link_token_create | 
2025-08-06 18:45:40,452 - PLAID API CALL: link_token_create | 
2025-08-06 18:46:33,898 - PLAID API CALL: link_token_create | 
2025-08-06 18:47:45,157 - PLAID API CALL: link_token_create | 
2025-08-06 18:47:54,957 - PLAID API CALL: link_token_create | 
2025-08-06 18:48:06,780 - PLAID API CALL: link_token_create | 
2025-08-06 18:49:16,971 - PLAID API CALL: link_token_create | 
2025-08-06 18:49:23,449 - PLAID API CALL: link_token_create | 
2025-08-06 18:49:37,209 - PLAID API CALL: link_token_create | 
2025-08-06 18:50:15,926 - PLAID API CALL: link_token_create | 
2025-08-06 18:52:42,005 - PLAID API CALL: link_token_create | 
2025-08-06 18:52:51,137 - PLAID API CALL: link_token_create | 
2025-08-06 18:53:02,503 - PLAID API CALL: link_token_create | 
2025-08-06 18:53:54,665 - PLAID API CALL: link_token_create | 
2025-08-06 18:55:25,306 - PLAID API CALL: link_token_create | 
2025-08-06 18:55:49,665 - PLAID API CALL: link_token_create | 
2025-08-06 18:55:57,287 - PLAID API CALL: link_token_create | 
2025-08-06 18:56:00,588 - PLAID API CALL: link_token_create | 
2025-08-06 18:56:09,868 - PLAID API CALL: link_token_create | 
2025-08-06 18:59:33,103 - PLAID API CALL: link_token_create | 
2025-08-06 18:59:40,238 - PLAID API CALL: link_token_create | 
2025-08-06 18:59:55,487 - PLAID API CALL: link_token_create | 
2025-08-06 19:00:32,955 - PLAID API CALL: link_token_create | 
2025-08-06 19:00:38,276 - PLAID API CALL: link_token_create | 
2025-08-06 19:00:38,426 - PLAID API CALL: link_token_create | 
2025-08-06 19:00:40,628 - PLAID API CALL: link_token_create | 
2025-08-06 19:00:40,771 - PLAID API CALL: link_token_create | 
2025-08-06 19:00:41,988 - PLAID API CALL: link_token_create | 
2025-08-06 19:00:42,130 - PLAID API CALL: link_token_create | 
2025-08-06 19:00:47,767 - PLAID API CALL: link_token_create | 
2025-08-06 19:00:47,925 - PLAID API CALL: link_token_create | 
2025-08-06 19:03:44,059 - PLAID API CALL: link_token_create | 
2025-08-06 19:03:52,815 - PLAID API CALL: link_token_create | 
2025-08-06 19:05:13,334 - PLAID API CALL: link_token_create | 
2025-08-06 19:05:51,092 - PLAID API CALL: link_token_create | 
2025-08-06 19:05:58,761 - PLAID API CALL: link_token_create | 
2025-08-06 19:05:58,917 - PLAID API CALL: link_token_create | 
2025-08-06 19:06:00,194 - PLAID API CALL: link_token_create | 
2025-08-06 19:06:00,338 - PLAID API CALL: link_token_create | 
2025-08-06 19:06:01,517 - PLAID API CALL: link_token_create | 
2025-08-06 19:06:01,655 - PLAID API CALL: link_token_create | 
2025-08-06 19:06:04,096 - PLAID API CALL: link_token_create | 
2025-08-06 19:06:04,248 - PLAID API CALL: link_token_create | 
2025-08-06 19:06:15,260 - PLAID API CALL: link_token_create | 
2025-08-06 19:10:03,336 - PLAID API CALL: link_token_create | 
2025-08-06 19:10:30,927 - PLAID API CALL: link_token_create | 
2025-08-06 19:14:45,421 - PLAID API CALL: link_token_create | 
2025-08-06 19:14:53,194 - PLAID API CALL: link_token_create | 
2025-08-06 19:15:05,038 - PLAID API CALL: link_token_create | 
2025-08-06 19:15:14,714 - PLAID API CALL: link_token_create | 
2025-08-06 19:18:09,058 - PLAID API CALL: link_token_create | 
2025-08-07 12:34:46,524 - PLAID API CALL: link_token_create | 
2025-08-07 12:34:54,471 - PLAID API CALL: link_token_create | 
2025-08-07 12:34:54,637 - PLAID API CALL: link_token_create | 
